info: ::1 - - [28/Jan/2024:18:31:38 +0000] "GET /api/v1 HTTP/1.1" 200 9 "-" "PostmanRuntime/7.36.1"

info: ::1 - - [28/Jan/2024:18:31:46 +0000] "GET /api/v1/users HTTP/1.1" 200 199 "-" "PostmanRuntime/7.36.1"

info: ::1 - - [28/Jan/2024:18:33:14 +0000] "POST /api/v1/users HTTP/1.1" 201 196 "-" "PostmanRuntime/7.36.1"

info: ::1 - - [28/Jan/2024:18:33:23 +0000] "GET /api/v1/users HTTP/1.1" 200 338 "-" "PostmanRuntime/7.36.1"

info: ::1 - - [28/Jan/2024:20:55:40 +0000] "GET /api/v1/ HTTP/1.1" 200 9 "-" "Mozilla/5.0 (Macintosh; Intel Mac OS X 10_15_7) AppleWebKit/537.36 (KHTML, like Gecko) Chrome/120.0.0.0 Safari/537.36"

info: ::1 - - [28/Jan/2024:20:55:40 +0000] "GET /favicon.ico HTTP/1.1" 404 47 "-" "Mozilla/5.0 (Macintosh; Intel Mac OS X 10_15_7) AppleWebKit/537.36 (KHTML, like Gecko) Chrome/120.0.0.0 Safari/537.36"

info: ::1 - - [28/Jan/2024:20:55:42 +0000] "GET /api/v1/ HTTP/1.1" 304 - "-" "Mozilla/5.0 (Macintosh; Intel Mac OS X 10_15_7) AppleWebKit/537.36 (KHTML, like Gecko) Chrome/120.0.0.0 Safari/537.36"

info: ::1 - - [28/Jan/2024:20:55:46 +0000] "GET /api/v1/user HTTP/1.1" 404 47 "-" "Mozilla/5.0 (Macintosh; Intel Mac OS X 10_15_7) AppleWebKit/537.36 (KHTML, like Gecko) Chrome/120.0.0.0 Safari/537.36"

info: ::1 - - [28/Jan/2024:20:55:57 +0000] "GET /api/v1/users HTTP/1.1" 200 338 "-" "Mozilla/5.0 (Macintosh; Intel Mac OS X 10_15_7) AppleWebKit/537.36 (KHTML, like Gecko) Chrome/120.0.0.0 Safari/537.36"

info: ::1 - - [28/Jan/2024:20:56:05 +0000] "GET /api/v1/login HTTP/1.1" 404 47 "-" "Mozilla/5.0 (Macintosh; Intel Mac OS X 10_15_7) AppleWebKit/537.36 (KHTML, like Gecko) Chrome/120.0.0.0 Safari/537.36"

info: ::1 - - [28/Jan/2024:20:56:18 +0000] "GET /api/v1/users/login HTTP/1.1" 400 56 "-" "Mozilla/5.0 (Macintosh; Intel Mac OS X 10_15_7) AppleWebKit/537.36 (KHTML, like Gecko) Chrome/120.0.0.0 Safari/537.36"

info: ::1 - - [28/Jan/2024:20:56:31 +0000] "GET /api/v1/users/register HTTP/1.1" 400 56 "-" "Mozilla/5.0 (Macintosh; Intel Mac OS X 10_15_7) AppleWebKit/537.36 (KHTML, like Gecko) Chrome/120.0.0.0 Safari/537.36"

info: ::1 - - [28/Jan/2024:20:59:47 +0000] "POST /api/v1/users/register HTTP/1.1" 500 31 "-" "PostmanRuntime/7.36.1"

info: ::1 - - [28/Jan/2024:21:00:38 +0000] "POST /api/v1/users/register HTTP/1.1" 500 31 "-" "PostmanRuntime/7.36.1"

info: ::1 - - [28/Jan/2024:21:04:09 +0000] "POST /api/v1/users/register HTTP/1.1" 500 33 "-" "PostmanRuntime/7.36.1"

info: ::1 - - [28/Jan/2024:21:04:33 +0000] "POST /api/v1/users/register HTTP/1.1" 500 31 "-" "PostmanRuntime/7.36.1"

info: ::1 - - [29/Jan/2024:04:37:40 +0000] "POST /api/v1/users/register HTTP/1.1" 500 31 "-" "PostmanRuntime/7.36.1"

info: ::1 - - [29/Jan/2024:04:51:03 +0000] "POST /api/v1/users/register HTTP/1.1" 201 42 "-" "PostmanRuntime/7.36.1"

info: ::1 - - [29/Jan/2024:04:51:19 +0000] "POST /api/v1/users/register HTTP/1.1" 400 33 "-" "PostmanRuntime/7.36.1"

info: ::1 - - [29/Jan/2024:04:51:42 +0000] "POST /api/v1/users/register HTTP/1.1" 400 33 "-" "PostmanRuntime/7.36.1"

info: ::1 - - [29/Jan/2024:04:51:44 +0000] "POST /api/v1/users/register HTTP/1.1" 400 33 "-" "PostmanRuntime/7.36.1"

info: ::1 - - [29/Jan/2024:04:52:28 +0000] "POST /api/v1/users/login HTTP/1.1" 400 33 "-" "PostmanRuntime/7.36.1"

info: ::1 - - [29/Jan/2024:04:52:30 +0000] "POST /api/v1/users/login HTTP/1.1" 400 33 "-" "PostmanRuntime/7.36.1"

info: ::1 - - [29/Jan/2024:04:53:13 +0000] "POST /api/v1/users/login HTTP/1.1" 400 33 "-" "PostmanRuntime/7.36.1"

info: ::1 - - [29/Jan/2024:04:53:28 +0000] "POST /api/v1/users/login HTTP/1.1" 400 33 "-" "PostmanRuntime/7.36.1"

info: ::1 - - [29/Jan/2024:04:53:29 +0000] "POST /api/v1/users/login HTTP/1.1" 400 33 "-" "PostmanRuntime/7.36.1"

info: ::1 - - [29/Jan/2024:04:53:48 +0000] "GET /api/v1/users HTTP/1.1" 200 504 "-" "PostmanRuntime/7.36.1"

info: ::1 - - [29/Jan/2024:04:54:21 +0000] "POST /api/v1/users/login HTTP/1.1" 400 33 "-" "PostmanRuntime/7.36.1"

info: ::1 - - [29/Jan/2024:04:54:55 +0000] "POST /api/v1/users/login HTTP/1.1" 401 33 "-" "PostmanRuntime/7.36.1"

info: ::1 - - [29/Jan/2024:04:55:09 +0000] "POST /api/v1/users/login HTTP/1.1" 200 30 "-" "PostmanRuntime/7.36.1"

info: ::1 - - [29/Jan/2024:04:55:27 +0000] "GET /api/v1/users HTTP/1.1" 200 504 "-" "PostmanRuntime/7.36.1"

info: ::1 - - [29/Jan/2024:05:06:06 +0000] "GET /api/v1/users/register HTTP/1.1" 400 56 "-" "PostmanRuntime/7.36.1"

info: ::1 - - [29/Jan/2024:05:06:54 +0000] "POST /api/v1/users/register HTTP/1.1" 201 42 "-" "PostmanRuntime/7.36.1"

info: ::1 - - [29/Jan/2024:05:07:08 +0000] "POST /api/v1/users/login HTTP/1.1" 401 32 "-" "PostmanRuntime/7.36.1"

info: ::1 - - [29/Jan/2024:05:07:14 +0000] "POST /api/v1/users/login HTTP/1.1" 401 33 "-" "PostmanRuntime/7.36.1"

info: ::1 - - [29/Jan/2024:05:07:20 +0000] "POST /api/v1/users/login HTTP/1.1" 200 30 "-" "PostmanRuntime/7.36.1"

info: ::1 - - [29/Jan/2024:05:07:27 +0000] "POST /api/v1/users/login HTTP/1.1" 200 30 "-" "PostmanRuntime/7.36.1"

info: ::1 - - [29/Jan/2024:05:07:44 +0000] "POST /api/v1/users/login HTTP/1.1" 200 30 "-" "PostmanRuntime/7.36.1"

