info: ::1 - - [29/Jan/2024:19:03:51 +0000] "GET /api/v1/users HTTP/1.1" 200 672 "-" "PostmanRuntime/7.36.1"

info: ::1 - - [29/Jan/2024:19:04:21 +0000] "POST /api/v1/users/login HTTP/1.1" 500 59 "-" "PostmanRuntime/7.36.1"

info: ::1 - - [29/Jan/2024:19:07:04 +0000] "POST /api/v1/users/login HTTP/1.1" 500 59 "-" "PostmanRuntime/7.36.1"

info: ::1 - - [29/Jan/2024:19:09:49 +0000] "POST /api/v1/users/login HTTP/1.1" 500 56 "-" "PostmanRuntime/7.36.1"

info: ::1 - - [29/Jan/2024:19:10:41 +0000] "POST /api/v1/users/login HTTP/1.1" 500 56 "-" "PostmanRuntime/7.36.1"

info: ::1 - - [29/Jan/2024:19:15:44 +0000] "POST /api/v1/users/login HTTP/1.1" 200 30 "-" "PostmanRuntime/7.36.1"

info: ::1 - - [29/Jan/2024:19:16:30 +0000] "POST /api/v1/users/register HTTP/1.1" 201 42 "-" "PostmanRuntime/7.36.1"

info: ::1 - - [29/Jan/2024:19:16:43 +0000] "POST /api/v1/users/login HTTP/1.1" 200 30 "-" "PostmanRuntime/7.36.1"

info: ::1 - - [29/Jan/2024:19:16:46 +0000] "POST /api/v1/users/login HTTP/1.1" 500 54 "-" "PostmanRuntime/7.36.1"

info: ::1 - - [29/Jan/2024:19:16:53 +0000] "POST /api/v1/users/login HTTP/1.1" 200 30 "-" "PostmanRuntime/7.36.1"

info: ::1 - - [30/Jan/2024:09:19:10 +0000] "POST /api/v1/users/login HTTP/1.1" 200 30 "-" "PostmanRuntime/7.36.1"

info: ::1 - - [30/Jan/2024:09:19:11 +0000] "POST /api/v1/users/login HTTP/1.1" 200 30 "-" "PostmanRuntime/7.36.1"

info: ::1 - - [30/Jan/2024:09:24:46 +0000] "GET /api/v1/ HTTP/1.1" 304 - "-" "Mozilla/5.0 (Macintosh; Intel Mac OS X 10_15_7) AppleWebKit/537.36 (KHTML, like Gecko) Chrome/120.0.0.0 Safari/537.36"

info: ::1 - - [30/Jan/2024:09:24:47 +0000] "GET /favicon.ico HTTP/1.1" 404 47 "-" "Mozilla/5.0 (Macintosh; Intel Mac OS X 10_15_7) AppleWebKit/537.36 (KHTML, like Gecko) Chrome/120.0.0.0 Safari/537.36"

info: ::1 - - [30/Jan/2024:09:24:52 +0000] "GET /api/v1/users HTTP/1.1" 200 836 "-" "Mozilla/5.0 (Macintosh; Intel Mac OS X 10_15_7) AppleWebKit/537.36 (KHTML, like Gecko) Chrome/120.0.0.0 Safari/537.36"

info: ::1 - - [30/Jan/2024:09:25:10 +0000] "GET /api/v1/users HTTP/1.1" 200 836 "-" "PostmanRuntime/7.36.1"

info: ::1 - - [30/Jan/2024:09:25:18 +0000] "GET /api/v1/users HTTP/1.1" 304 - "-" "Mozilla/5.0 (Macintosh; Intel Mac OS X 10_15_7) AppleWebKit/537.36 (KHTML, like Gecko) Chrome/120.0.0.0 Safari/537.36"

info: ::1 - - [30/Jan/2024:09:25:19 +0000] "GET /api/v1/users HTTP/1.1" 304 - "-" "Mozilla/5.0 (Macintosh; Intel Mac OS X 10_15_7) AppleWebKit/537.36 (KHTML, like Gecko) Chrome/120.0.0.0 Safari/537.36"

info: ::1 - - [30/Jan/2024:09:26:59 +0000] "POST /api/v1/users/register HTTP/1.1" 201 42 "-" "PostmanRuntime/7.36.1"

info: ::1 - - [30/Jan/2024:09:27:14 +0000] "POST /api/v1/users/login HTTP/1.1" 200 30 "-" "PostmanRuntime/7.36.1"

