info: Server started at http://localhost:3000/api/v1/ {"timestamp":"2024-01-28T18:31:18.328Z"}
info: Connected to the database. {"timestamp":"2024-01-28T18:31:18.351Z"}
info: Server started at http://localhost:3000/api/v1/ {"timestamp":"2024-01-28T20:31:17.779Z"}
info: Connected to the database. {"timestamp":"2024-01-28T20:31:17.793Z"}
info: Server started at http://localhost:3000/api/v1/ {"timestamp":"2024-01-28T20:31:20.913Z"}
info: Connected to the database. {"timestamp":"2024-01-28T20:31:20.921Z"}
info: Server started at http://localhost:3000/api/v1/ {"timestamp":"2024-01-28T20:31:22.204Z"}
info: Connected to the database. {"timestamp":"2024-01-28T20:31:22.212Z"}
info: Server started at http://localhost:3000/api/v1/ {"timestamp":"2024-01-28T20:32:32.495Z"}
info: Connected to the database. {"timestamp":"2024-01-28T20:32:32.515Z"}
info: Server started at http://localhost:3000/api/v1/ {"timestamp":"2024-01-28T20:32:39.226Z"}
info: Connected to the database. {"timestamp":"2024-01-28T20:32:39.235Z"}
info: Server started at http://localhost:3000/api/v1/ {"timestamp":"2024-01-28T20:33:07.725Z"}
info: Connected to the database. {"timestamp":"2024-01-28T20:33:07.736Z"}
info: Server started at http://localhost:3000/api/v1/ {"timestamp":"2024-01-28T20:38:52.626Z"}
info: Connected to the database. {"timestamp":"2024-01-28T20:38:52.639Z"}
info: Server started at http://localhost:3000/api/v1/ {"timestamp":"2024-01-28T20:38:54.476Z"}
info: Connected to the database. {"timestamp":"2024-01-28T20:38:54.496Z"}
info: Server started at http://localhost:3000/api/v1/ {"timestamp":"2024-01-28T20:39:33.139Z"}
info: Connected to the database. {"timestamp":"2024-01-28T20:39:33.150Z"}
info: Server started at http://localhost:3000/api/v1/ {"timestamp":"2024-01-28T20:40:29.980Z"}
info: Connected to the database. {"timestamp":"2024-01-28T20:40:29.995Z"}
info: Server started at http://localhost:3000/api/v1/ {"timestamp":"2024-01-28T20:40:54.973Z"}
info: Connected to the database. {"timestamp":"2024-01-28T20:40:54.988Z"}
info: Server started at http://localhost:3000/api/v1/ {"timestamp":"2024-01-28T20:40:56.020Z"}
info: Connected to the database. {"timestamp":"2024-01-28T20:40:56.029Z"}
info: Server started at http://localhost:3000/api/v1/ {"timestamp":"2024-01-28T20:41:01.437Z"}
info: Connected to the database. {"timestamp":"2024-01-28T20:41:01.454Z"}
info: Server started at http://localhost:3000/api/v1/ {"timestamp":"2024-01-28T20:41:02.545Z"}
info: Connected to the database. {"timestamp":"2024-01-28T20:41:02.556Z"}
info: Server started at http://localhost:3000/api/v1/ {"timestamp":"2024-01-28T20:41:14.074Z"}
info: Connected to the database. {"timestamp":"2024-01-28T20:41:14.084Z"}
info: Server started at http://localhost:3000/api/v1/ {"timestamp":"2024-01-28T20:41:57.891Z"}
info: Connected to the database. {"timestamp":"2024-01-28T20:41:57.906Z"}
info: Server started at http://localhost:3000/api/v1/ {"timestamp":"2024-01-28T20:42:02.012Z"}
info: Connected to the database. {"timestamp":"2024-01-28T20:42:02.022Z"}
info: Server started at http://localhost:3000/api/v1/ {"timestamp":"2024-01-28T20:42:03.429Z"}
info: Connected to the database. {"timestamp":"2024-01-28T20:42:03.437Z"}
info: Server started at http://localhost:3000/api/v1/ {"timestamp":"2024-01-28T20:43:02.969Z"}
info: Connected to the database. {"timestamp":"2024-01-28T20:43:02.977Z"}
info: Server started at http://localhost:3000/api/v1/ {"timestamp":"2024-01-28T20:43:51.199Z"}
info: Connected to the database. {"timestamp":"2024-01-28T20:43:51.210Z"}
info: Server started at http://localhost:3000/api/v1/ {"timestamp":"2024-01-28T20:43:54.777Z"}
info: Connected to the database. {"timestamp":"2024-01-28T20:43:54.794Z"}
info: Server started at http://localhost:3000/api/v1/ {"timestamp":"2024-01-28T20:44:00.751Z"}
info: Connected to the database. {"timestamp":"2024-01-28T20:44:00.761Z"}
info: Server started at http://localhost:3000/api/v1/ {"timestamp":"2024-01-28T20:54:35.996Z"}
info: Connected to the database. {"timestamp":"2024-01-28T20:54:36.039Z"}
error: 
      status - 400
      message - Authorization token is required 
      url - /api/v1/users/login 
      method - GET 
      IP - ::1
     {"timestamp":"2024-01-28T20:56:18.029Z"}
error: 
      status - 400
      message - Authorization token is required 
      url - /api/v1/users/register 
      method - GET 
      IP - ::1
     {"timestamp":"2024-01-28T20:56:31.094Z"}
info: Server started at http://localhost:3000/api/v1/ {"timestamp":"2024-01-28T21:00:31.485Z"}
info: Connected to the database. {"timestamp":"2024-01-28T21:00:31.505Z"}
info: Server started at http://localhost:3000/api/v1/ {"timestamp":"2024-01-28T21:00:54.861Z"}
info: Connected to the database. {"timestamp":"2024-01-28T21:00:54.869Z"}
info: Server started at http://localhost:3000/api/v1/ {"timestamp":"2024-01-28T21:03:37.578Z"}
info: Connected to the database. {"timestamp":"2024-01-28T21:03:37.590Z"}
info: Server started at http://localhost:3000/api/v1/ {"timestamp":"2024-01-28T21:03:57.299Z"}
info: Connected to the database. {"timestamp":"2024-01-28T21:03:57.311Z"}
info: Server started at http://localhost:3000/api/v1/ {"timestamp":"2024-01-28T21:04:20.711Z"}
info: Connected to the database. {"timestamp":"2024-01-28T21:04:20.720Z"}
info: Server started at http://localhost:3000/api/v1/ {"timestamp":"2024-01-28T21:04:26.782Z"}
info: Connected to the database. {"timestamp":"2024-01-28T21:04:26.793Z"}
info: Server started at http://localhost:3000/api/v1/ {"timestamp":"2024-01-28T21:04:29.560Z"}
info: Connected to the database. {"timestamp":"2024-01-28T21:04:29.568Z"}
info: Server started at http://localhost:3000/api/v1/ {"timestamp":"2024-01-29T04:29:47.253Z"}
info: Connected to the database. {"timestamp":"2024-01-29T04:29:47.267Z"}
info: Server started at http://localhost:3000/api/v1/ {"timestamp":"2024-01-29T04:37:27.667Z"}
info: Connected to the database. {"timestamp":"2024-01-29T04:37:27.689Z"}
info: Server started at http://localhost:3000/api/v1/ {"timestamp":"2024-01-29T04:38:54.766Z"}
info: Connected to the database. {"timestamp":"2024-01-29T04:38:54.774Z"}
info: Server started at http://localhost:3000/api/v1/ {"timestamp":"2024-01-29T04:38:58.245Z"}
info: Connected to the database. {"timestamp":"2024-01-29T04:38:58.256Z"}
info: Server started at http://localhost:3000/api/v1/ {"timestamp":"2024-01-29T04:39:01.022Z"}
info: Connected to the database. {"timestamp":"2024-01-29T04:39:01.033Z"}
info: Server started at http://localhost:3000/api/v1/ {"timestamp":"2024-01-29T04:39:02.396Z"}
info: Connected to the database. {"timestamp":"2024-01-29T04:39:02.404Z"}
info: Server started at http://localhost:3000/api/v1/ {"timestamp":"2024-01-29T04:39:11.844Z"}
info: Connected to the database. {"timestamp":"2024-01-29T04:39:11.856Z"}
info: Server started at http://localhost:3000/api/v1/ {"timestamp":"2024-01-29T04:39:17.200Z"}
info: Connected to the database. {"timestamp":"2024-01-29T04:39:17.212Z"}
info: Server started at http://localhost:3000/api/v1/ {"timestamp":"2024-01-29T04:39:20.236Z"}
info: Connected to the database. {"timestamp":"2024-01-29T04:39:20.247Z"}
info: Server started at http://localhost:3000/api/v1/ {"timestamp":"2024-01-29T04:39:54.161Z"}
info: Connected to the database. {"timestamp":"2024-01-29T04:39:54.178Z"}
info: Connected to the database. {"timestamp":"2024-01-29T04:43:20.435Z"}
info: Connected to the database. {"timestamp":"2024-01-29T04:43:34.951Z"}
info: Connected to the database. {"timestamp":"2024-01-29T04:46:15.238Z"}
info: Server started at http://localhost:3000/api/v1/ {"timestamp":"2024-01-29T04:50:47.574Z"}
info: Connected to the database. {"timestamp":"2024-01-29T04:50:47.585Z"}
info: Server started at http://localhost:3000/api/v1/ {"timestamp":"2024-01-29T04:54:48.769Z"}
info: Connected to the database. {"timestamp":"2024-01-29T04:54:48.781Z"}
info: Server started at http://localhost:3000/api/v1/ {"timestamp":"2024-01-29T04:55:57.353Z"}
info: Connected to the database. {"timestamp":"2024-01-29T04:55:57.362Z"}
info: Server started at http://localhost:3000/api/v1/ {"timestamp":"2024-01-29T04:56:05.487Z"}
info: Connected to the database. {"timestamp":"2024-01-29T04:56:05.504Z"}
info: Server started at http://localhost:3000/api/v1/ {"timestamp":"2024-01-29T04:56:07.917Z"}
info: Connected to the database. {"timestamp":"2024-01-29T04:56:07.927Z"}
info: Server started at http://localhost:3000/api/v1/ {"timestamp":"2024-01-29T04:56:12.903Z"}
info: Connected to the database. {"timestamp":"2024-01-29T04:56:12.911Z"}
info: Server started at http://localhost:3000/api/v1/ {"timestamp":"2024-01-29T04:57:45.451Z"}
info: Connected to the database. {"timestamp":"2024-01-29T04:57:45.459Z"}
info: Server started at http://localhost:3000/api/v1/ {"timestamp":"2024-01-29T04:57:59.811Z"}
info: Connected to the database. {"timestamp":"2024-01-29T04:57:59.821Z"}
info: Server started at http://localhost:3000/api/v1/ {"timestamp":"2024-01-29T04:58:02.537Z"}
info: Connected to the database. {"timestamp":"2024-01-29T04:58:02.545Z"}
info: Server started at http://localhost:3000/api/v1/ {"timestamp":"2024-01-29T04:59:10.712Z"}
info: Connected to the database. {"timestamp":"2024-01-29T04:59:10.720Z"}
info: Server started at http://localhost:3000/api/v1/ {"timestamp":"2024-01-29T04:59:11.377Z"}
info: Connected to the database. {"timestamp":"2024-01-29T04:59:11.385Z"}
info: Server started at http://localhost:3000/api/v1/ {"timestamp":"2024-01-29T05:04:01.680Z"}
info: Connected to the database. {"timestamp":"2024-01-29T05:04:01.691Z"}
error: 
      status - 400
      message - Authorization token is required 
      url - /api/v1/users/register 
      method - GET 
      IP - ::1
     {"timestamp":"2024-01-29T05:06:06.845Z"}
