info: Server started at http://localhost:3000/api/v1/ {"timestamp":"2024-01-25T09:56:29.252Z"}
error: Could not connect to the database. Could not connect to any servers in your MongoDB Atlas cluster. One common reason is that you're trying to access the database from an IP that isn't whitelisted. Make sure your current IP address is on your Atlas cluster's IP whitelist: https://docs.atlas.mongodb.com/security-whitelist/ {"reason":{"commonWireVersion":null,"compatibilityError":null,"compatible":true,"heartbeatFrequencyMS":10000,"localThresholdMS":15,"logicalSessionTimeoutMinutes":null,"maxElectionId":null,"maxSetVersion":null,"servers":{},"setName":null,"stale":false,"type":"ReplicaSetNoPrimary"},"stack":"MongooseServerSelectionError: Could not connect to any servers in your MongoDB Atlas cluster. One common reason is that you're trying to access the database from an IP that isn't whitelisted. Make sure your current IP address is on your Atlas cluster's IP whitelist: https://docs.atlas.mongodb.com/security-whitelist/\n    at NativeConnection.Connection.openUri (/Users/shiv/Desktop/node1/project1/node_modules/mongoose/lib/connection.js:847:32)\n    at /Users/shiv/Desktop/node1/project1/node_modules/mongoose/lib/index.js:351:10\n    at /Users/shiv/Desktop/node1/project1/node_modules/mongoose/lib/helpers/promiseOrCallback.js:32:5\n    at new Promise (<anonymous>)\n    at promiseOrCallback (/Users/shiv/Desktop/node1/project1/node_modules/mongoose/lib/helpers/promiseOrCallback.js:31:10)\n    at Mongoose._promiseOrCallback (/Users/shiv/Desktop/node1/project1/node_modules/mongoose/lib/index.js:1149:10)\n    at Mongoose.connect (/Users/shiv/Desktop/node1/project1/node_modules/mongoose/lib/index.js:350:20)\n    at _callee$ (/Users/shiv/Desktop/node1/project1/src/config/database.js:12:20)\n    at tryCatch (/Users/shiv/Desktop/node1/project1/node_modules/@babel/runtime/helpers/regeneratorRuntime.js:45:16)\n    at Generator.<anonymous> (/Users/shiv/Desktop/node1/project1/node_modules/@babel/runtime/helpers/regeneratorRuntime.js:133:17)\n    at Generator.next (/Users/shiv/Desktop/node1/project1/node_modules/@babel/runtime/helpers/regeneratorRuntime.js:74:21)\n    at asyncGeneratorStep (/Users/shiv/Desktop/node1/project1/node_modules/@babel/runtime/helpers/asyncToGenerator.js:3:24)\n    at _next (/Users/shiv/Desktop/node1/project1/node_modules/@babel/runtime/helpers/asyncToGenerator.js:22:9)\n    at /Users/shiv/Desktop/node1/project1/node_modules/@babel/runtime/helpers/asyncToGenerator.js:27:7\n    at new Promise (<anonymous>)\n    at apply (/Users/shiv/Desktop/node1/project1/node_modules/@babel/runtime/helpers/asyncToGenerator.js:19:12)\n    at database (/Users/shiv/Desktop/node1/project1/src/config/database.js:4:15)\n    at Object.<anonymous> (/Users/shiv/Desktop/node1/project1/src/index.js:30:9)\n    at Module._compile (node:internal/modules/cjs/loader:1375:14)\n    at Module._compile (/Users/shiv/Desktop/node1/project1/node_modules/pirates/lib/index.js:117:24)\n    at Module._extensions..js (node:internal/modules/cjs/loader:1434:10)\n    at Object.newLoader [as .js] (/Users/shiv/Desktop/node1/project1/node_modules/pirates/lib/index.js:121:7)\n    at Module.load (node:internal/modules/cjs/loader:1206:32)\n    at Function.Module._load (node:internal/modules/cjs/loader:1022:12)\n    at Function.runMain (node:internal/modules/run_main:142:12)\n    at Object.<anonymous> (/Users/shiv/Desktop/node1/project1/node_modules/@babel/node/src/_babel-node.ts:222:12)\n    at Module._compile (node:internal/modules/cjs/loader:1375:14)\n    at Object.Module._extensions..js (node:internal/modules/cjs/loader:1434:10)\n    at Module.load (node:internal/modules/cjs/loader:1206:32)\n    at Function.Module._load (node:internal/modules/cjs/loader:1022:12)\n    at Function.executeUserEntryPoint [as runMain] (node:internal/modules/run_main:142:12)\n    at node:internal/main/run_main_module:28:49","timestamp":"2024-01-25T09:56:59.376Z"}
error: uncaughtException: listen EADDRINUSE: address already in use :::3000
Error: listen EADDRINUSE: address already in use :::3000
    at Server.setupListenHandle [as _listen2] (node:net:1872:16)
    at listenInCluster (node:net:1920:12)
    at Server.listen (node:net:2008:7)
    at Function.listen (/Users/shiv/Desktop/node1/project1/node_modules/express/lib/application.js:635:24)
    at Object.<anonymous> (/Users/shiv/Desktop/node1/project1/src/index.js:37:5)
    at Module._compile (node:internal/modules/cjs/loader:1375:14)
    at Module._compile (/Users/shiv/Desktop/node1/project1/node_modules/pirates/lib/index.js:117:24)
    at Module._extensions..js (node:internal/modules/cjs/loader:1434:10)
    at Object.newLoader [as .js] (/Users/shiv/Desktop/node1/project1/node_modules/pirates/lib/index.js:121:7)
    at Module.load (node:internal/modules/cjs/loader:1206:32)
    at Function.Module._load (node:internal/modules/cjs/loader:1022:12)
    at Function.runMain (node:internal/modules/run_main:142:12)
    at Object.<anonymous> (/Users/shiv/Desktop/node1/project1/node_modules/@babel/node/src/_babel-node.ts:222:12)
    at Module._compile (node:internal/modules/cjs/loader:1375:14)
    at Object.Module._extensions..js (node:internal/modules/cjs/loader:1434:10)
    at Module.load (node:internal/modules/cjs/loader:1206:32)
    at Function.Module._load (node:internal/modules/cjs/loader:1022:12)
    at Function.executeUserEntryPoint [as runMain] (node:internal/modules/run_main:142:12)
    at node:internal/main/run_main_module:28:49 {"date":"Thu Jan 25 2024 15:29:05 GMT+0530 (India Standard Time)","error":{"address":"::","code":"EADDRINUSE","errno":-48,"port":3000,"syscall":"listen"},"exception":true,"os":{"loadavg":[23.3291015625,13.6982421875,7.3837890625],"uptime":1628508},"process":{"argv":["node","/Users/shiv/Desktop/node1/project1/src/index.js"],"cwd":"/Users/shiv/Desktop/node1/project1","execPath":"/opt/homebrew/Cellar/node/21.5.0/bin/node","gid":20,"memoryUsage":{"arrayBuffers":18262399,"external":21250778,"heapTotal":88489984,"heapUsed":67077512,"rss":141787136},"pid":94562,"uid":501,"version":"v21.5.0"},"stack":"Error: listen EADDRINUSE: address already in use :::3000\n    at Server.setupListenHandle [as _listen2] (node:net:1872:16)\n    at listenInCluster (node:net:1920:12)\n    at Server.listen (node:net:2008:7)\n    at Function.listen (/Users/shiv/Desktop/node1/project1/node_modules/express/lib/application.js:635:24)\n    at Object.<anonymous> (/Users/shiv/Desktop/node1/project1/src/index.js:37:5)\n    at Module._compile (node:internal/modules/cjs/loader:1375:14)\n    at Module._compile (/Users/shiv/Desktop/node1/project1/node_modules/pirates/lib/index.js:117:24)\n    at Module._extensions..js (node:internal/modules/cjs/loader:1434:10)\n    at Object.newLoader [as .js] (/Users/shiv/Desktop/node1/project1/node_modules/pirates/lib/index.js:121:7)\n    at Module.load (node:internal/modules/cjs/loader:1206:32)\n    at Function.Module._load (node:internal/modules/cjs/loader:1022:12)\n    at Function.runMain (node:internal/modules/run_main:142:12)\n    at Object.<anonymous> (/Users/shiv/Desktop/node1/project1/node_modules/@babel/node/src/_babel-node.ts:222:12)\n    at Module._compile (node:internal/modules/cjs/loader:1375:14)\n    at Object.Module._extensions..js (node:internal/modules/cjs/loader:1434:10)\n    at Module.load (node:internal/modules/cjs/loader:1206:32)\n    at Function.Module._load (node:internal/modules/cjs/loader:1022:12)\n    at Function.executeUserEntryPoint [as runMain] (node:internal/modules/run_main:142:12)\n    at node:internal/main/run_main_module:28:49","timestamp":"2024-01-25T09:59:05.857Z","trace":[{"column":16,"file":"node:net","function":"Server.setupListenHandle [as _listen2]","line":1872,"method":"setupListenHandle [as _listen2]","native":false},{"column":12,"file":"node:net","function":"listenInCluster","line":1920,"method":null,"native":false},{"column":7,"file":"node:net","function":"Server.listen","line":2008,"method":"listen","native":false},{"column":24,"file":"/Users/shiv/Desktop/node1/project1/node_modules/express/lib/application.js","function":"Function.listen","line":635,"method":"listen","native":false},{"column":5,"file":"/Users/shiv/Desktop/node1/project1/src/index.js","function":null,"line":37,"method":null,"native":false},{"column":14,"file":"node:internal/modules/cjs/loader","function":"Module._compile","line":1375,"method":"_compile","native":false},{"column":24,"file":"/Users/shiv/Desktop/node1/project1/node_modules/pirates/lib/index.js","function":"Module._compile","line":117,"method":"_compile","native":false},{"column":10,"file":"node:internal/modules/cjs/loader","function":"Module._extensions..js","line":1434,"method":".js","native":false},{"column":7,"file":"/Users/shiv/Desktop/node1/project1/node_modules/pirates/lib/index.js","function":"Object.newLoader [as .js]","line":121,"method":"js]","native":false},{"column":32,"file":"node:internal/modules/cjs/loader","function":"Module.load","line":1206,"method":"load","native":false},{"column":12,"file":"node:internal/modules/cjs/loader","function":"Module._load","line":1022,"method":"_load","native":false},{"column":12,"file":"node:internal/modules/run_main","function":"Function.runMain","line":142,"method":"runMain","native":false},{"column":12,"file":"/Users/shiv/Desktop/node1/project1/node_modules/@babel/node/src/_babel-node.ts","function":null,"line":222,"method":null,"native":false},{"column":14,"file":"node:internal/modules/cjs/loader","function":"Module._compile","line":1375,"method":"_compile","native":false},{"column":10,"file":"node:internal/modules/cjs/loader","function":"Module._extensions..js","line":1434,"method":".js","native":false},{"column":32,"file":"node:internal/modules/cjs/loader","function":"Module.load","line":1206,"method":"load","native":false},{"column":12,"file":"node:internal/modules/cjs/loader","function":"Module._load","line":1022,"method":"_load","native":false},{"column":12,"file":"node:internal/modules/run_main","function":"Function.executeUserEntryPoint [as runMain]","line":142,"method":"executeUserEntryPoint [as runMain]","native":false},{"column":49,"file":"node:internal/main/run_main_module","function":null,"line":28,"method":null,"native":false}]}
info: Server started at http://localhost:3000/api/v1/ {"timestamp":"2024-01-25T09:59:39.543Z"}
info: Connected to the database. {"timestamp":"2024-01-25T09:59:39.560Z"}
info: Server started at http://localhost:3000/api/v1/ {"timestamp":"2024-01-25T10:12:41.503Z"}
info: Connected to the database. {"timestamp":"2024-01-25T10:12:41.516Z"}
info: Server started at http://localhost:3000/api/v1/ {"timestamp":"2024-01-28T18:31:18.328Z"}
info: Connected to the database. {"timestamp":"2024-01-28T18:31:18.351Z"}
info: Server started at http://localhost:3000/api/v1/ {"timestamp":"2024-01-28T20:31:17.779Z"}
info: Connected to the database. {"timestamp":"2024-01-28T20:31:17.793Z"}
info: Server started at http://localhost:3000/api/v1/ {"timestamp":"2024-01-28T20:31:20.913Z"}
info: Connected to the database. {"timestamp":"2024-01-28T20:31:20.921Z"}
info: Server started at http://localhost:3000/api/v1/ {"timestamp":"2024-01-28T20:31:22.204Z"}
info: Connected to the database. {"timestamp":"2024-01-28T20:31:22.212Z"}
info: Server started at http://localhost:3000/api/v1/ {"timestamp":"2024-01-28T20:32:32.495Z"}
info: Connected to the database. {"timestamp":"2024-01-28T20:32:32.515Z"}
info: Server started at http://localhost:3000/api/v1/ {"timestamp":"2024-01-28T20:32:39.226Z"}
info: Connected to the database. {"timestamp":"2024-01-28T20:32:39.235Z"}
info: Server started at http://localhost:3000/api/v1/ {"timestamp":"2024-01-28T20:33:07.725Z"}
info: Connected to the database. {"timestamp":"2024-01-28T20:33:07.736Z"}
info: Server started at http://localhost:3000/api/v1/ {"timestamp":"2024-01-28T20:38:52.626Z"}
info: Connected to the database. {"timestamp":"2024-01-28T20:38:52.639Z"}
info: Server started at http://localhost:3000/api/v1/ {"timestamp":"2024-01-28T20:38:54.476Z"}
info: Connected to the database. {"timestamp":"2024-01-28T20:38:54.496Z"}
info: Server started at http://localhost:3000/api/v1/ {"timestamp":"2024-01-28T20:39:33.139Z"}
info: Connected to the database. {"timestamp":"2024-01-28T20:39:33.150Z"}
info: Server started at http://localhost:3000/api/v1/ {"timestamp":"2024-01-28T20:40:29.980Z"}
info: Connected to the database. {"timestamp":"2024-01-28T20:40:29.995Z"}
info: Server started at http://localhost:3000/api/v1/ {"timestamp":"2024-01-28T20:40:54.973Z"}
info: Connected to the database. {"timestamp":"2024-01-28T20:40:54.988Z"}
info: Server started at http://localhost:3000/api/v1/ {"timestamp":"2024-01-28T20:40:56.020Z"}
info: Connected to the database. {"timestamp":"2024-01-28T20:40:56.029Z"}
info: Server started at http://localhost:3000/api/v1/ {"timestamp":"2024-01-28T20:41:01.437Z"}
info: Connected to the database. {"timestamp":"2024-01-28T20:41:01.454Z"}
info: Server started at http://localhost:3000/api/v1/ {"timestamp":"2024-01-28T20:41:02.545Z"}
info: Connected to the database. {"timestamp":"2024-01-28T20:41:02.556Z"}
info: Server started at http://localhost:3000/api/v1/ {"timestamp":"2024-01-28T20:41:14.074Z"}
info: Connected to the database. {"timestamp":"2024-01-28T20:41:14.084Z"}
info: Server started at http://localhost:3000/api/v1/ {"timestamp":"2024-01-28T20:41:57.891Z"}
info: Connected to the database. {"timestamp":"2024-01-28T20:41:57.906Z"}
info: Server started at http://localhost:3000/api/v1/ {"timestamp":"2024-01-28T20:42:02.012Z"}
info: Connected to the database. {"timestamp":"2024-01-28T20:42:02.022Z"}
info: Server started at http://localhost:3000/api/v1/ {"timestamp":"2024-01-28T20:42:03.429Z"}
info: Connected to the database. {"timestamp":"2024-01-28T20:42:03.437Z"}
info: Server started at http://localhost:3000/api/v1/ {"timestamp":"2024-01-28T20:43:02.969Z"}
info: Connected to the database. {"timestamp":"2024-01-28T20:43:02.977Z"}
info: Server started at http://localhost:3000/api/v1/ {"timestamp":"2024-01-28T20:43:51.199Z"}
info: Connected to the database. {"timestamp":"2024-01-28T20:43:51.210Z"}
info: Server started at http://localhost:3000/api/v1/ {"timestamp":"2024-01-28T20:43:54.777Z"}
info: Connected to the database. {"timestamp":"2024-01-28T20:43:54.794Z"}
info: Server started at http://localhost:3000/api/v1/ {"timestamp":"2024-01-28T20:44:00.751Z"}
info: Connected to the database. {"timestamp":"2024-01-28T20:44:00.761Z"}
info: Server started at http://localhost:3000/api/v1/ {"timestamp":"2024-01-28T20:54:35.996Z"}
info: Connected to the database. {"timestamp":"2024-01-28T20:54:36.039Z"}
error: 
      status - 400
      message - Authorization token is required 
      url - /api/v1/users/login 
      method - GET 
      IP - ::1
     {"timestamp":"2024-01-28T20:56:18.029Z"}
error: 
      status - 400
      message - Authorization token is required 
      url - /api/v1/users/register 
      method - GET 
      IP - ::1
     {"timestamp":"2024-01-28T20:56:31.094Z"}
info: Server started at http://localhost:3000/api/v1/ {"timestamp":"2024-01-28T21:00:31.485Z"}
info: Connected to the database. {"timestamp":"2024-01-28T21:00:31.505Z"}
info: Server started at http://localhost:3000/api/v1/ {"timestamp":"2024-01-28T21:00:54.861Z"}
info: Connected to the database. {"timestamp":"2024-01-28T21:00:54.869Z"}
info: Server started at http://localhost:3000/api/v1/ {"timestamp":"2024-01-28T21:03:37.578Z"}
info: Connected to the database. {"timestamp":"2024-01-28T21:03:37.590Z"}
info: Server started at http://localhost:3000/api/v1/ {"timestamp":"2024-01-28T21:03:57.299Z"}
info: Connected to the database. {"timestamp":"2024-01-28T21:03:57.311Z"}
info: Server started at http://localhost:3000/api/v1/ {"timestamp":"2024-01-28T21:04:20.711Z"}
info: Connected to the database. {"timestamp":"2024-01-28T21:04:20.720Z"}
info: Server started at http://localhost:3000/api/v1/ {"timestamp":"2024-01-28T21:04:26.782Z"}
info: Connected to the database. {"timestamp":"2024-01-28T21:04:26.793Z"}
info: Server started at http://localhost:3000/api/v1/ {"timestamp":"2024-01-28T21:04:29.560Z"}
info: Connected to the database. {"timestamp":"2024-01-28T21:04:29.568Z"}
info: Server started at http://localhost:3000/api/v1/ {"timestamp":"2024-01-29T04:29:47.253Z"}
info: Connected to the database. {"timestamp":"2024-01-29T04:29:47.267Z"}
info: Server started at http://localhost:3000/api/v1/ {"timestamp":"2024-01-29T04:37:27.667Z"}
info: Connected to the database. {"timestamp":"2024-01-29T04:37:27.689Z"}
info: Server started at http://localhost:3000/api/v1/ {"timestamp":"2024-01-29T04:38:54.766Z"}
info: Connected to the database. {"timestamp":"2024-01-29T04:38:54.774Z"}
info: Server started at http://localhost:3000/api/v1/ {"timestamp":"2024-01-29T04:38:58.245Z"}
info: Connected to the database. {"timestamp":"2024-01-29T04:38:58.256Z"}
info: Server started at http://localhost:3000/api/v1/ {"timestamp":"2024-01-29T04:39:01.022Z"}
info: Connected to the database. {"timestamp":"2024-01-29T04:39:01.033Z"}
info: Server started at http://localhost:3000/api/v1/ {"timestamp":"2024-01-29T04:39:02.396Z"}
info: Connected to the database. {"timestamp":"2024-01-29T04:39:02.404Z"}
info: Server started at http://localhost:3000/api/v1/ {"timestamp":"2024-01-29T04:39:11.844Z"}
info: Connected to the database. {"timestamp":"2024-01-29T04:39:11.856Z"}
info: Server started at http://localhost:3000/api/v1/ {"timestamp":"2024-01-29T04:39:17.200Z"}
info: Connected to the database. {"timestamp":"2024-01-29T04:39:17.212Z"}
info: Server started at http://localhost:3000/api/v1/ {"timestamp":"2024-01-29T04:39:20.236Z"}
info: Connected to the database. {"timestamp":"2024-01-29T04:39:20.247Z"}
info: Server started at http://localhost:3000/api/v1/ {"timestamp":"2024-01-29T04:39:54.161Z"}
info: Connected to the database. {"timestamp":"2024-01-29T04:39:54.178Z"}
error: uncaughtException: Router.use() requires a middleware function but got a Object
TypeError: Router.use() requires a middleware function but got a Object
    at Function.use (/Users/shiv/Desktop/node1/project1/node_modules/express/lib/router/index.js:469:13)
    at routes (/Users/shiv/Desktop/node1/project1/src/routes/index.js:14:10)
    at Object.<anonymous> (/Users/shiv/Desktop/node1/project1/src/index.js:32:38)
    at Module._compile (node:internal/modules/cjs/loader:1375:14)
    at Module._compile (/Users/shiv/Desktop/node1/project1/node_modules/pirates/lib/index.js:117:24)
    at Module._extensions..js (node:internal/modules/cjs/loader:1434:10)
    at Object.newLoader [as .js] (/Users/shiv/Desktop/node1/project1/node_modules/pirates/lib/index.js:121:7)
    at Module.load (node:internal/modules/cjs/loader:1206:32)
    at Function.Module._load (node:internal/modules/cjs/loader:1022:12)
    at Function.runMain (node:internal/modules/run_main:142:12)
    at Object.<anonymous> (/Users/shiv/Desktop/node1/project1/node_modules/@babel/node/src/_babel-node.ts:222:12)
    at Module._compile (node:internal/modules/cjs/loader:1375:14)
    at Object.Module._extensions..js (node:internal/modules/cjs/loader:1434:10)
    at Module.load (node:internal/modules/cjs/loader:1206:32)
    at Function.Module._load (node:internal/modules/cjs/loader:1022:12)
    at Function.executeUserEntryPoint [as runMain] (node:internal/modules/run_main:142:12)
    at node:internal/main/run_main_module:28:49 {"date":"Mon Jan 29 2024 10:13:20 GMT+0530 (India Standard Time)","error":{},"exception":true,"os":{"loadavg":[1.7529296875,1.7529296875,1.85791015625],"uptime":1955163},"process":{"argv":["node","/Users/shiv/Desktop/node1/project1/src/index.js"],"cwd":"/Users/shiv/Desktop/node1/project1","execPath":"/opt/homebrew/Cellar/node/21.5.0/bin/node","gid":20,"memoryUsage":{"arrayBuffers":18262399,"external":21232287,"heapTotal":91586560,"heapUsed":59457256,"rss":144719872},"pid":14341,"uid":501,"version":"v21.5.0"},"stack":"TypeError: Router.use() requires a middleware function but got a Object\n    at Function.use (/Users/shiv/Desktop/node1/project1/node_modules/express/lib/router/index.js:469:13)\n    at routes (/Users/shiv/Desktop/node1/project1/src/routes/index.js:14:10)\n    at Object.<anonymous> (/Users/shiv/Desktop/node1/project1/src/index.js:32:38)\n    at Module._compile (node:internal/modules/cjs/loader:1375:14)\n    at Module._compile (/Users/shiv/Desktop/node1/project1/node_modules/pirates/lib/index.js:117:24)\n    at Module._extensions..js (node:internal/modules/cjs/loader:1434:10)\n    at Object.newLoader [as .js] (/Users/shiv/Desktop/node1/project1/node_modules/pirates/lib/index.js:121:7)\n    at Module.load (node:internal/modules/cjs/loader:1206:32)\n    at Function.Module._load (node:internal/modules/cjs/loader:1022:12)\n    at Function.runMain (node:internal/modules/run_main:142:12)\n    at Object.<anonymous> (/Users/shiv/Desktop/node1/project1/node_modules/@babel/node/src/_babel-node.ts:222:12)\n    at Module._compile (node:internal/modules/cjs/loader:1375:14)\n    at Object.Module._extensions..js (node:internal/modules/cjs/loader:1434:10)\n    at Module.load (node:internal/modules/cjs/loader:1206:32)\n    at Function.Module._load (node:internal/modules/cjs/loader:1022:12)\n    at Function.executeUserEntryPoint [as runMain] (node:internal/modules/run_main:142:12)\n    at node:internal/main/run_main_module:28:49","timestamp":"2024-01-29T04:43:20.422Z","trace":[{"column":13,"file":"/Users/shiv/Desktop/node1/project1/node_modules/express/lib/router/index.js","function":"Function.use","line":469,"method":"use","native":false},{"column":10,"file":"/Users/shiv/Desktop/node1/project1/src/routes/index.js","function":"routes","line":14,"method":null,"native":false},{"column":38,"file":"/Users/shiv/Desktop/node1/project1/src/index.js","function":null,"line":32,"method":null,"native":false},{"column":14,"file":"node:internal/modules/cjs/loader","function":"Module._compile","line":1375,"method":"_compile","native":false},{"column":24,"file":"/Users/shiv/Desktop/node1/project1/node_modules/pirates/lib/index.js","function":"Module._compile","line":117,"method":"_compile","native":false},{"column":10,"file":"node:internal/modules/cjs/loader","function":"Module._extensions..js","line":1434,"method":".js","native":false},{"column":7,"file":"/Users/shiv/Desktop/node1/project1/node_modules/pirates/lib/index.js","function":"Object.newLoader [as .js]","line":121,"method":"js]","native":false},{"column":32,"file":"node:internal/modules/cjs/loader","function":"Module.load","line":1206,"method":"load","native":false},{"column":12,"file":"node:internal/modules/cjs/loader","function":"Module._load","line":1022,"method":"_load","native":false},{"column":12,"file":"node:internal/modules/run_main","function":"Function.runMain","line":142,"method":"runMain","native":false},{"column":12,"file":"/Users/shiv/Desktop/node1/project1/node_modules/@babel/node/src/_babel-node.ts","function":null,"line":222,"method":null,"native":false},{"column":14,"file":"node:internal/modules/cjs/loader","function":"Module._compile","line":1375,"method":"_compile","native":false},{"column":10,"file":"node:internal/modules/cjs/loader","function":"Module._extensions..js","line":1434,"method":".js","native":false},{"column":32,"file":"node:internal/modules/cjs/loader","function":"Module.load","line":1206,"method":"load","native":false},{"column":12,"file":"node:internal/modules/cjs/loader","function":"Module._load","line":1022,"method":"_load","native":false},{"column":12,"file":"node:internal/modules/run_main","function":"Function.executeUserEntryPoint [as runMain]","line":142,"method":"executeUserEntryPoint [as runMain]","native":false},{"column":49,"file":"node:internal/main/run_main_module","function":null,"line":28,"method":null,"native":false}]}
error: uncaughtException: Router.use() requires a middleware function but got a Object
TypeError: Router.use() requires a middleware function but got a Object
    at Function.use (/Users/shiv/Desktop/node1/project1/node_modules/express/lib/router/index.js:469:13)
    at routes (/Users/shiv/Desktop/node1/project1/src/routes/index.js:14:10)
    at Object.<anonymous> (/Users/shiv/Desktop/node1/project1/src/index.js:32:38)
    at Module._compile (node:internal/modules/cjs/loader:1375:14)
    at Module._compile (/Users/shiv/Desktop/node1/project1/node_modules/pirates/lib/index.js:117:24)
    at Module._extensions..js (node:internal/modules/cjs/loader:1434:10)
    at Object.newLoader [as .js] (/Users/shiv/Desktop/node1/project1/node_modules/pirates/lib/index.js:121:7)
    at Module.load (node:internal/modules/cjs/loader:1206:32)
    at Function.Module._load (node:internal/modules/cjs/loader:1022:12)
    at Function.runMain (node:internal/modules/run_main:142:12)
    at Object.<anonymous> (/Users/shiv/Desktop/node1/project1/node_modules/@babel/node/src/_babel-node.ts:222:12)
    at Module._compile (node:internal/modules/cjs/loader:1375:14)
    at Object.Module._extensions..js (node:internal/modules/cjs/loader:1434:10)
    at Module.load (node:internal/modules/cjs/loader:1206:32)
    at Function.Module._load (node:internal/modules/cjs/loader:1022:12)
    at Function.executeUserEntryPoint [as runMain] (node:internal/modules/run_main:142:12)
    at node:internal/main/run_main_module:28:49 {"date":"Mon Jan 29 2024 10:13:34 GMT+0530 (India Standard Time)","error":{},"exception":true,"os":{"loadavg":[1.72705078125,1.748046875,1.853515625],"uptime":1955177},"process":{"argv":["node","/Users/shiv/Desktop/node1/project1/src/index.js"],"cwd":"/Users/shiv/Desktop/node1/project1","execPath":"/opt/homebrew/Cellar/node/21.5.0/bin/node","gid":20,"memoryUsage":{"arrayBuffers":18262399,"external":21231544,"heapTotal":93683712,"heapUsed":52616320,"rss":148619264},"pid":14362,"uid":501,"version":"v21.5.0"},"stack":"TypeError: Router.use() requires a middleware function but got a Object\n    at Function.use (/Users/shiv/Desktop/node1/project1/node_modules/express/lib/router/index.js:469:13)\n    at routes (/Users/shiv/Desktop/node1/project1/src/routes/index.js:14:10)\n    at Object.<anonymous> (/Users/shiv/Desktop/node1/project1/src/index.js:32:38)\n    at Module._compile (node:internal/modules/cjs/loader:1375:14)\n    at Module._compile (/Users/shiv/Desktop/node1/project1/node_modules/pirates/lib/index.js:117:24)\n    at Module._extensions..js (node:internal/modules/cjs/loader:1434:10)\n    at Object.newLoader [as .js] (/Users/shiv/Desktop/node1/project1/node_modules/pirates/lib/index.js:121:7)\n    at Module.load (node:internal/modules/cjs/loader:1206:32)\n    at Function.Module._load (node:internal/modules/cjs/loader:1022:12)\n    at Function.runMain (node:internal/modules/run_main:142:12)\n    at Object.<anonymous> (/Users/shiv/Desktop/node1/project1/node_modules/@babel/node/src/_babel-node.ts:222:12)\n    at Module._compile (node:internal/modules/cjs/loader:1375:14)\n    at Object.Module._extensions..js (node:internal/modules/cjs/loader:1434:10)\n    at Module.load (node:internal/modules/cjs/loader:1206:32)\n    at Function.Module._load (node:internal/modules/cjs/loader:1022:12)\n    at Function.executeUserEntryPoint [as runMain] (node:internal/modules/run_main:142:12)\n    at node:internal/main/run_main_module:28:49","timestamp":"2024-01-29T04:43:34.938Z","trace":[{"column":13,"file":"/Users/shiv/Desktop/node1/project1/node_modules/express/lib/router/index.js","function":"Function.use","line":469,"method":"use","native":false},{"column":10,"file":"/Users/shiv/Desktop/node1/project1/src/routes/index.js","function":"routes","line":14,"method":null,"native":false},{"column":38,"file":"/Users/shiv/Desktop/node1/project1/src/index.js","function":null,"line":32,"method":null,"native":false},{"column":14,"file":"node:internal/modules/cjs/loader","function":"Module._compile","line":1375,"method":"_compile","native":false},{"column":24,"file":"/Users/shiv/Desktop/node1/project1/node_modules/pirates/lib/index.js","function":"Module._compile","line":117,"method":"_compile","native":false},{"column":10,"file":"node:internal/modules/cjs/loader","function":"Module._extensions..js","line":1434,"method":".js","native":false},{"column":7,"file":"/Users/shiv/Desktop/node1/project1/node_modules/pirates/lib/index.js","function":"Object.newLoader [as .js]","line":121,"method":"js]","native":false},{"column":32,"file":"node:internal/modules/cjs/loader","function":"Module.load","line":1206,"method":"load","native":false},{"column":12,"file":"node:internal/modules/cjs/loader","function":"Module._load","line":1022,"method":"_load","native":false},{"column":12,"file":"node:internal/modules/run_main","function":"Function.runMain","line":142,"method":"runMain","native":false},{"column":12,"file":"/Users/shiv/Desktop/node1/project1/node_modules/@babel/node/src/_babel-node.ts","function":null,"line":222,"method":null,"native":false},{"column":14,"file":"node:internal/modules/cjs/loader","function":"Module._compile","line":1375,"method":"_compile","native":false},{"column":10,"file":"node:internal/modules/cjs/loader","function":"Module._extensions..js","line":1434,"method":".js","native":false},{"column":32,"file":"node:internal/modules/cjs/loader","function":"Module.load","line":1206,"method":"load","native":false},{"column":12,"file":"node:internal/modules/cjs/loader","function":"Module._load","line":1022,"method":"_load","native":false},{"column":12,"file":"node:internal/modules/run_main","function":"Function.executeUserEntryPoint [as runMain]","line":142,"method":"executeUserEntryPoint [as runMain]","native":false},{"column":49,"file":"node:internal/main/run_main_module","function":null,"line":28,"method":null,"native":false}]}
error: uncaughtException: Router.use() requires a middleware function but got a Object
TypeError: Router.use() requires a middleware function but got a Object
    at Function.use (/Users/shiv/Desktop/node1/project1/node_modules/express/lib/router/index.js:469:13)
    at routes (/Users/shiv/Desktop/node1/project1/src/routes/index.js:14:10)
    at Object.<anonymous> (/Users/shiv/Desktop/node1/project1/src/index.js:32:38)
    at Module._compile (node:internal/modules/cjs/loader:1375:14)
    at Module._compile (/Users/shiv/Desktop/node1/project1/node_modules/pirates/lib/index.js:117:24)
    at Module._extensions..js (node:internal/modules/cjs/loader:1434:10)
    at Object.newLoader [as .js] (/Users/shiv/Desktop/node1/project1/node_modules/pirates/lib/index.js:121:7)
    at Module.load (node:internal/modules/cjs/loader:1206:32)
    at Function.Module._load (node:internal/modules/cjs/loader:1022:12)
    at Function.runMain (node:internal/modules/run_main:142:12)
    at Object.<anonymous> (/Users/shiv/Desktop/node1/project1/node_modules/@babel/node/src/_babel-node.ts:222:12)
    at Module._compile (node:internal/modules/cjs/loader:1375:14)
    at Object.Module._extensions..js (node:internal/modules/cjs/loader:1434:10)
    at Module.load (node:internal/modules/cjs/loader:1206:32)
    at Function.Module._load (node:internal/modules/cjs/loader:1022:12)
    at Function.executeUserEntryPoint [as runMain] (node:internal/modules/run_main:142:12)
    at node:internal/main/run_main_module:28:49 {"date":"Mon Jan 29 2024 10:16:15 GMT+0530 (India Standard Time)","error":{},"exception":true,"os":{"loadavg":[1.9130859375,1.88134765625,1.89111328125],"uptime":1955338},"process":{"argv":["node","/Users/shiv/Desktop/node1/project1/src/index.js"],"cwd":"/Users/shiv/Desktop/node1/project1","execPath":"/opt/homebrew/Cellar/node/21.5.0/bin/node","gid":20,"memoryUsage":{"arrayBuffers":18262399,"external":21232287,"heapTotal":91324416,"heapUsed":60162616,"rss":145342464},"pid":14790,"uid":501,"version":"v21.5.0"},"stack":"TypeError: Router.use() requires a middleware function but got a Object\n    at Function.use (/Users/shiv/Desktop/node1/project1/node_modules/express/lib/router/index.js:469:13)\n    at routes (/Users/shiv/Desktop/node1/project1/src/routes/index.js:14:10)\n    at Object.<anonymous> (/Users/shiv/Desktop/node1/project1/src/index.js:32:38)\n    at Module._compile (node:internal/modules/cjs/loader:1375:14)\n    at Module._compile (/Users/shiv/Desktop/node1/project1/node_modules/pirates/lib/index.js:117:24)\n    at Module._extensions..js (node:internal/modules/cjs/loader:1434:10)\n    at Object.newLoader [as .js] (/Users/shiv/Desktop/node1/project1/node_modules/pirates/lib/index.js:121:7)\n    at Module.load (node:internal/modules/cjs/loader:1206:32)\n    at Function.Module._load (node:internal/modules/cjs/loader:1022:12)\n    at Function.runMain (node:internal/modules/run_main:142:12)\n    at Object.<anonymous> (/Users/shiv/Desktop/node1/project1/node_modules/@babel/node/src/_babel-node.ts:222:12)\n    at Module._compile (node:internal/modules/cjs/loader:1375:14)\n    at Object.Module._extensions..js (node:internal/modules/cjs/loader:1434:10)\n    at Module.load (node:internal/modules/cjs/loader:1206:32)\n    at Function.Module._load (node:internal/modules/cjs/loader:1022:12)\n    at Function.executeUserEntryPoint [as runMain] (node:internal/modules/run_main:142:12)\n    at node:internal/main/run_main_module:28:49","timestamp":"2024-01-29T04:46:15.221Z","trace":[{"column":13,"file":"/Users/shiv/Desktop/node1/project1/node_modules/express/lib/router/index.js","function":"Function.use","line":469,"method":"use","native":false},{"column":10,"file":"/Users/shiv/Desktop/node1/project1/src/routes/index.js","function":"routes","line":14,"method":null,"native":false},{"column":38,"file":"/Users/shiv/Desktop/node1/project1/src/index.js","function":null,"line":32,"method":null,"native":false},{"column":14,"file":"node:internal/modules/cjs/loader","function":"Module._compile","line":1375,"method":"_compile","native":false},{"column":24,"file":"/Users/shiv/Desktop/node1/project1/node_modules/pirates/lib/index.js","function":"Module._compile","line":117,"method":"_compile","native":false},{"column":10,"file":"node:internal/modules/cjs/loader","function":"Module._extensions..js","line":1434,"method":".js","native":false},{"column":7,"file":"/Users/shiv/Desktop/node1/project1/node_modules/pirates/lib/index.js","function":"Object.newLoader [as .js]","line":121,"method":"js]","native":false},{"column":32,"file":"node:internal/modules/cjs/loader","function":"Module.load","line":1206,"method":"load","native":false},{"column":12,"file":"node:internal/modules/cjs/loader","function":"Module._load","line":1022,"method":"_load","native":false},{"column":12,"file":"node:internal/modules/run_main","function":"Function.runMain","line":142,"method":"runMain","native":false},{"column":12,"file":"/Users/shiv/Desktop/node1/project1/node_modules/@babel/node/src/_babel-node.ts","function":null,"line":222,"method":null,"native":false},{"column":14,"file":"node:internal/modules/cjs/loader","function":"Module._compile","line":1375,"method":"_compile","native":false},{"column":10,"file":"node:internal/modules/cjs/loader","function":"Module._extensions..js","line":1434,"method":".js","native":false},{"column":32,"file":"node:internal/modules/cjs/loader","function":"Module.load","line":1206,"method":"load","native":false},{"column":12,"file":"node:internal/modules/cjs/loader","function":"Module._load","line":1022,"method":"_load","native":false},{"column":12,"file":"node:internal/modules/run_main","function":"Function.executeUserEntryPoint [as runMain]","line":142,"method":"executeUserEntryPoint [as runMain]","native":false},{"column":49,"file":"node:internal/main/run_main_module","function":null,"line":28,"method":null,"native":false}]}
info: Server started at http://localhost:3000/api/v1/ {"timestamp":"2024-01-29T04:50:47.574Z"}
info: Connected to the database. {"timestamp":"2024-01-29T04:50:47.585Z"}
info: Server started at http://localhost:3000/api/v1/ {"timestamp":"2024-01-29T04:54:48.769Z"}
info: Connected to the database. {"timestamp":"2024-01-29T04:54:48.781Z"}
info: Server started at http://localhost:3000/api/v1/ {"timestamp":"2024-01-29T04:55:57.353Z"}
info: Connected to the database. {"timestamp":"2024-01-29T04:55:57.362Z"}
info: Server started at http://localhost:3000/api/v1/ {"timestamp":"2024-01-29T04:56:05.487Z"}
info: Connected to the database. {"timestamp":"2024-01-29T04:56:05.504Z"}
info: Server started at http://localhost:3000/api/v1/ {"timestamp":"2024-01-29T04:56:07.917Z"}
info: Connected to the database. {"timestamp":"2024-01-29T04:56:07.927Z"}
info: Server started at http://localhost:3000/api/v1/ {"timestamp":"2024-01-29T04:56:12.903Z"}
info: Connected to the database. {"timestamp":"2024-01-29T04:56:12.911Z"}
info: Server started at http://localhost:3000/api/v1/ {"timestamp":"2024-01-29T04:57:45.451Z"}
info: Connected to the database. {"timestamp":"2024-01-29T04:57:45.459Z"}
info: Server started at http://localhost:3000/api/v1/ {"timestamp":"2024-01-29T04:57:59.811Z"}
info: Connected to the database. {"timestamp":"2024-01-29T04:57:59.821Z"}
info: Server started at http://localhost:3000/api/v1/ {"timestamp":"2024-01-29T04:58:02.537Z"}
info: Connected to the database. {"timestamp":"2024-01-29T04:58:02.545Z"}
info: Server started at http://localhost:3000/api/v1/ {"timestamp":"2024-01-29T04:59:10.712Z"}
info: Connected to the database. {"timestamp":"2024-01-29T04:59:10.720Z"}
info: Server started at http://localhost:3000/api/v1/ {"timestamp":"2024-01-29T04:59:11.377Z"}
info: Connected to the database. {"timestamp":"2024-01-29T04:59:11.385Z"}
info: Server started at http://localhost:3000/api/v1/ {"timestamp":"2024-01-29T05:04:01.680Z"}
info: Connected to the database. {"timestamp":"2024-01-29T05:04:01.691Z"}
error: 
      status - 400
      message - Authorization token is required 
      url - /api/v1/users/register 
      method - GET 
      IP - ::1
     {"timestamp":"2024-01-29T05:06:06.845Z"}
