error: Could not connect to the database. Could not connect to any servers in your MongoDB Atlas cluster. One common reason is that you're trying to access the database from an IP that isn't whitelisted. Make sure your current IP address is on your Atlas cluster's IP whitelist: https://docs.atlas.mongodb.com/security-whitelist/ {"reason":{"commonWireVersion":null,"compatibilityError":null,"compatible":true,"heartbeatFrequencyMS":10000,"localThresholdMS":15,"logicalSessionTimeoutMinutes":null,"maxElectionId":null,"maxSetVersion":null,"servers":{},"setName":null,"stale":false,"type":"ReplicaSetNoPrimary"},"stack":"MongooseServerSelectionError: Could not connect to any servers in your MongoDB Atlas cluster. One common reason is that you're trying to access the database from an IP that isn't whitelisted. Make sure your current IP address is on your Atlas cluster's IP whitelist: https://docs.atlas.mongodb.com/security-whitelist/\n    at NativeConnection.Connection.openUri (/Users/shiv/Desktop/node1/project1/node_modules/mongoose/lib/connection.js:847:32)\n    at /Users/shiv/Desktop/node1/project1/node_modules/mongoose/lib/index.js:351:10\n    at /Users/shiv/Desktop/node1/project1/node_modules/mongoose/lib/helpers/promiseOrCallback.js:32:5\n    at new Promise (<anonymous>)\n    at promiseOrCallback (/Users/shiv/Desktop/node1/project1/node_modules/mongoose/lib/helpers/promiseOrCallback.js:31:10)\n    at Mongoose._promiseOrCallback (/Users/shiv/Desktop/node1/project1/node_modules/mongoose/lib/index.js:1149:10)\n    at Mongoose.connect (/Users/shiv/Desktop/node1/project1/node_modules/mongoose/lib/index.js:350:20)\n    at _callee$ (/Users/shiv/Desktop/node1/project1/src/config/database.js:12:20)\n    at tryCatch (/Users/shiv/Desktop/node1/project1/node_modules/@babel/runtime/helpers/regeneratorRuntime.js:45:16)\n    at Generator.<anonymous> (/Users/shiv/Desktop/node1/project1/node_modules/@babel/runtime/helpers/regeneratorRuntime.js:133:17)\n    at Generator.next (/Users/shiv/Desktop/node1/project1/node_modules/@babel/runtime/helpers/regeneratorRuntime.js:74:21)\n    at asyncGeneratorStep (/Users/shiv/Desktop/node1/project1/node_modules/@babel/runtime/helpers/asyncToGenerator.js:3:24)\n    at _next (/Users/shiv/Desktop/node1/project1/node_modules/@babel/runtime/helpers/asyncToGenerator.js:22:9)\n    at /Users/shiv/Desktop/node1/project1/node_modules/@babel/runtime/helpers/asyncToGenerator.js:27:7\n    at new Promise (<anonymous>)\n    at apply (/Users/shiv/Desktop/node1/project1/node_modules/@babel/runtime/helpers/asyncToGenerator.js:19:12)\n    at database (/Users/shiv/Desktop/node1/project1/src/config/database.js:4:15)\n    at Object.<anonymous> (/Users/shiv/Desktop/node1/project1/src/index.js:30:9)\n    at Module._compile (node:internal/modules/cjs/loader:1375:14)\n    at Module._compile (/Users/shiv/Desktop/node1/project1/node_modules/pirates/lib/index.js:117:24)\n    at Module._extensions..js (node:internal/modules/cjs/loader:1434:10)\n    at Object.newLoader [as .js] (/Users/shiv/Desktop/node1/project1/node_modules/pirates/lib/index.js:121:7)\n    at Module.load (node:internal/modules/cjs/loader:1206:32)\n    at Function.Module._load (node:internal/modules/cjs/loader:1022:12)\n    at Function.runMain (node:internal/modules/run_main:142:12)\n    at Object.<anonymous> (/Users/shiv/Desktop/node1/project1/node_modules/@babel/node/src/_babel-node.ts:222:12)\n    at Module._compile (node:internal/modules/cjs/loader:1375:14)\n    at Object.Module._extensions..js (node:internal/modules/cjs/loader:1434:10)\n    at Module.load (node:internal/modules/cjs/loader:1206:32)\n    at Function.Module._load (node:internal/modules/cjs/loader:1022:12)\n    at Function.executeUserEntryPoint [as runMain] (node:internal/modules/run_main:142:12)\n    at node:internal/main/run_main_module:28:49","timestamp":"2024-01-25T09:56:59.376Z"}
error: uncaughtException: listen EADDRINUSE: address already in use :::3000
Error: listen EADDRINUSE: address already in use :::3000
    at Server.setupListenHandle [as _listen2] (node:net:1872:16)
    at listenInCluster (node:net:1920:12)
    at Server.listen (node:net:2008:7)
    at Function.listen (/Users/shiv/Desktop/node1/project1/node_modules/express/lib/application.js:635:24)
    at Object.<anonymous> (/Users/shiv/Desktop/node1/project1/src/index.js:37:5)
    at Module._compile (node:internal/modules/cjs/loader:1375:14)
    at Module._compile (/Users/shiv/Desktop/node1/project1/node_modules/pirates/lib/index.js:117:24)
    at Module._extensions..js (node:internal/modules/cjs/loader:1434:10)
    at Object.newLoader [as .js] (/Users/shiv/Desktop/node1/project1/node_modules/pirates/lib/index.js:121:7)
    at Module.load (node:internal/modules/cjs/loader:1206:32)
    at Function.Module._load (node:internal/modules/cjs/loader:1022:12)
    at Function.runMain (node:internal/modules/run_main:142:12)
    at Object.<anonymous> (/Users/shiv/Desktop/node1/project1/node_modules/@babel/node/src/_babel-node.ts:222:12)
    at Module._compile (node:internal/modules/cjs/loader:1375:14)
    at Object.Module._extensions..js (node:internal/modules/cjs/loader:1434:10)
    at Module.load (node:internal/modules/cjs/loader:1206:32)
    at Function.Module._load (node:internal/modules/cjs/loader:1022:12)
    at Function.executeUserEntryPoint [as runMain] (node:internal/modules/run_main:142:12)
    at node:internal/main/run_main_module:28:49 {"date":"Thu Jan 25 2024 15:29:05 GMT+0530 (India Standard Time)","error":{"address":"::","code":"EADDRINUSE","errno":-48,"port":3000,"syscall":"listen"},"exception":true,"os":{"loadavg":[23.3291015625,13.6982421875,7.3837890625],"uptime":1628508},"process":{"argv":["node","/Users/shiv/Desktop/node1/project1/src/index.js"],"cwd":"/Users/shiv/Desktop/node1/project1","execPath":"/opt/homebrew/Cellar/node/21.5.0/bin/node","gid":20,"memoryUsage":{"arrayBuffers":18262399,"external":21250778,"heapTotal":88489984,"heapUsed":67077512,"rss":141787136},"pid":94562,"uid":501,"version":"v21.5.0"},"stack":"Error: listen EADDRINUSE: address already in use :::3000\n    at Server.setupListenHandle [as _listen2] (node:net:1872:16)\n    at listenInCluster (node:net:1920:12)\n    at Server.listen (node:net:2008:7)\n    at Function.listen (/Users/shiv/Desktop/node1/project1/node_modules/express/lib/application.js:635:24)\n    at Object.<anonymous> (/Users/shiv/Desktop/node1/project1/src/index.js:37:5)\n    at Module._compile (node:internal/modules/cjs/loader:1375:14)\n    at Module._compile (/Users/shiv/Desktop/node1/project1/node_modules/pirates/lib/index.js:117:24)\n    at Module._extensions..js (node:internal/modules/cjs/loader:1434:10)\n    at Object.newLoader [as .js] (/Users/shiv/Desktop/node1/project1/node_modules/pirates/lib/index.js:121:7)\n    at Module.load (node:internal/modules/cjs/loader:1206:32)\n    at Function.Module._load (node:internal/modules/cjs/loader:1022:12)\n    at Function.runMain (node:internal/modules/run_main:142:12)\n    at Object.<anonymous> (/Users/shiv/Desktop/node1/project1/node_modules/@babel/node/src/_babel-node.ts:222:12)\n    at Module._compile (node:internal/modules/cjs/loader:1375:14)\n    at Object.Module._extensions..js (node:internal/modules/cjs/loader:1434:10)\n    at Module.load (node:internal/modules/cjs/loader:1206:32)\n    at Function.Module._load (node:internal/modules/cjs/loader:1022:12)\n    at Function.executeUserEntryPoint [as runMain] (node:internal/modules/run_main:142:12)\n    at node:internal/main/run_main_module:28:49","timestamp":"2024-01-25T09:59:05.857Z","trace":[{"column":16,"file":"node:net","function":"Server.setupListenHandle [as _listen2]","line":1872,"method":"setupListenHandle [as _listen2]","native":false},{"column":12,"file":"node:net","function":"listenInCluster","line":1920,"method":null,"native":false},{"column":7,"file":"node:net","function":"Server.listen","line":2008,"method":"listen","native":false},{"column":24,"file":"/Users/shiv/Desktop/node1/project1/node_modules/express/lib/application.js","function":"Function.listen","line":635,"method":"listen","native":false},{"column":5,"file":"/Users/shiv/Desktop/node1/project1/src/index.js","function":null,"line":37,"method":null,"native":false},{"column":14,"file":"node:internal/modules/cjs/loader","function":"Module._compile","line":1375,"method":"_compile","native":false},{"column":24,"file":"/Users/shiv/Desktop/node1/project1/node_modules/pirates/lib/index.js","function":"Module._compile","line":117,"method":"_compile","native":false},{"column":10,"file":"node:internal/modules/cjs/loader","function":"Module._extensions..js","line":1434,"method":".js","native":false},{"column":7,"file":"/Users/shiv/Desktop/node1/project1/node_modules/pirates/lib/index.js","function":"Object.newLoader [as .js]","line":121,"method":"js]","native":false},{"column":32,"file":"node:internal/modules/cjs/loader","function":"Module.load","line":1206,"method":"load","native":false},{"column":12,"file":"node:internal/modules/cjs/loader","function":"Module._load","line":1022,"method":"_load","native":false},{"column":12,"file":"node:internal/modules/run_main","function":"Function.runMain","line":142,"method":"runMain","native":false},{"column":12,"file":"/Users/shiv/Desktop/node1/project1/node_modules/@babel/node/src/_babel-node.ts","function":null,"line":222,"method":null,"native":false},{"column":14,"file":"node:internal/modules/cjs/loader","function":"Module._compile","line":1375,"method":"_compile","native":false},{"column":10,"file":"node:internal/modules/cjs/loader","function":"Module._extensions..js","line":1434,"method":".js","native":false},{"column":32,"file":"node:internal/modules/cjs/loader","function":"Module.load","line":1206,"method":"load","native":false},{"column":12,"file":"node:internal/modules/cjs/loader","function":"Module._load","line":1022,"method":"_load","native":false},{"column":12,"file":"node:internal/modules/run_main","function":"Function.executeUserEntryPoint [as runMain]","line":142,"method":"executeUserEntryPoint [as runMain]","native":false},{"column":49,"file":"node:internal/main/run_main_module","function":null,"line":28,"method":null,"native":false}]}
error: 
      status - 400
      message - Authorization token is required 
      url - /api/v1/users/login 
      method - GET 
      IP - ::1
     {"timestamp":"2024-01-28T20:56:18.029Z"}
error: 
      status - 400
      message - Authorization token is required 
      url - /api/v1/users/register 
      method - GET 
      IP - ::1
     {"timestamp":"2024-01-28T20:56:31.094Z"}
error: uncaughtException: Router.use() requires a middleware function but got a Object
TypeError: Router.use() requires a middleware function but got a Object
    at Function.use (/Users/shiv/Desktop/node1/project1/node_modules/express/lib/router/index.js:469:13)
    at routes (/Users/shiv/Desktop/node1/project1/src/routes/index.js:14:10)
    at Object.<anonymous> (/Users/shiv/Desktop/node1/project1/src/index.js:32:38)
    at Module._compile (node:internal/modules/cjs/loader:1375:14)
    at Module._compile (/Users/shiv/Desktop/node1/project1/node_modules/pirates/lib/index.js:117:24)
    at Module._extensions..js (node:internal/modules/cjs/loader:1434:10)
    at Object.newLoader [as .js] (/Users/shiv/Desktop/node1/project1/node_modules/pirates/lib/index.js:121:7)
    at Module.load (node:internal/modules/cjs/loader:1206:32)
    at Function.Module._load (node:internal/modules/cjs/loader:1022:12)
    at Function.runMain (node:internal/modules/run_main:142:12)
    at Object.<anonymous> (/Users/shiv/Desktop/node1/project1/node_modules/@babel/node/src/_babel-node.ts:222:12)
    at Module._compile (node:internal/modules/cjs/loader:1375:14)
    at Object.Module._extensions..js (node:internal/modules/cjs/loader:1434:10)
    at Module.load (node:internal/modules/cjs/loader:1206:32)
    at Function.Module._load (node:internal/modules/cjs/loader:1022:12)
    at Function.executeUserEntryPoint [as runMain] (node:internal/modules/run_main:142:12)
    at node:internal/main/run_main_module:28:49 {"date":"Mon Jan 29 2024 10:13:20 GMT+0530 (India Standard Time)","error":{},"exception":true,"os":{"loadavg":[1.7529296875,1.7529296875,1.85791015625],"uptime":1955163},"process":{"argv":["node","/Users/shiv/Desktop/node1/project1/src/index.js"],"cwd":"/Users/shiv/Desktop/node1/project1","execPath":"/opt/homebrew/Cellar/node/21.5.0/bin/node","gid":20,"memoryUsage":{"arrayBuffers":18262399,"external":21232287,"heapTotal":91586560,"heapUsed":59457256,"rss":144719872},"pid":14341,"uid":501,"version":"v21.5.0"},"stack":"TypeError: Router.use() requires a middleware function but got a Object\n    at Function.use (/Users/shiv/Desktop/node1/project1/node_modules/express/lib/router/index.js:469:13)\n    at routes (/Users/shiv/Desktop/node1/project1/src/routes/index.js:14:10)\n    at Object.<anonymous> (/Users/shiv/Desktop/node1/project1/src/index.js:32:38)\n    at Module._compile (node:internal/modules/cjs/loader:1375:14)\n    at Module._compile (/Users/shiv/Desktop/node1/project1/node_modules/pirates/lib/index.js:117:24)\n    at Module._extensions..js (node:internal/modules/cjs/loader:1434:10)\n    at Object.newLoader [as .js] (/Users/shiv/Desktop/node1/project1/node_modules/pirates/lib/index.js:121:7)\n    at Module.load (node:internal/modules/cjs/loader:1206:32)\n    at Function.Module._load (node:internal/modules/cjs/loader:1022:12)\n    at Function.runMain (node:internal/modules/run_main:142:12)\n    at Object.<anonymous> (/Users/shiv/Desktop/node1/project1/node_modules/@babel/node/src/_babel-node.ts:222:12)\n    at Module._compile (node:internal/modules/cjs/loader:1375:14)\n    at Object.Module._extensions..js (node:internal/modules/cjs/loader:1434:10)\n    at Module.load (node:internal/modules/cjs/loader:1206:32)\n    at Function.Module._load (node:internal/modules/cjs/loader:1022:12)\n    at Function.executeUserEntryPoint [as runMain] (node:internal/modules/run_main:142:12)\n    at node:internal/main/run_main_module:28:49","timestamp":"2024-01-29T04:43:20.422Z","trace":[{"column":13,"file":"/Users/shiv/Desktop/node1/project1/node_modules/express/lib/router/index.js","function":"Function.use","line":469,"method":"use","native":false},{"column":10,"file":"/Users/shiv/Desktop/node1/project1/src/routes/index.js","function":"routes","line":14,"method":null,"native":false},{"column":38,"file":"/Users/shiv/Desktop/node1/project1/src/index.js","function":null,"line":32,"method":null,"native":false},{"column":14,"file":"node:internal/modules/cjs/loader","function":"Module._compile","line":1375,"method":"_compile","native":false},{"column":24,"file":"/Users/shiv/Desktop/node1/project1/node_modules/pirates/lib/index.js","function":"Module._compile","line":117,"method":"_compile","native":false},{"column":10,"file":"node:internal/modules/cjs/loader","function":"Module._extensions..js","line":1434,"method":".js","native":false},{"column":7,"file":"/Users/shiv/Desktop/node1/project1/node_modules/pirates/lib/index.js","function":"Object.newLoader [as .js]","line":121,"method":"js]","native":false},{"column":32,"file":"node:internal/modules/cjs/loader","function":"Module.load","line":1206,"method":"load","native":false},{"column":12,"file":"node:internal/modules/cjs/loader","function":"Module._load","line":1022,"method":"_load","native":false},{"column":12,"file":"node:internal/modules/run_main","function":"Function.runMain","line":142,"method":"runMain","native":false},{"column":12,"file":"/Users/shiv/Desktop/node1/project1/node_modules/@babel/node/src/_babel-node.ts","function":null,"line":222,"method":null,"native":false},{"column":14,"file":"node:internal/modules/cjs/loader","function":"Module._compile","line":1375,"method":"_compile","native":false},{"column":10,"file":"node:internal/modules/cjs/loader","function":"Module._extensions..js","line":1434,"method":".js","native":false},{"column":32,"file":"node:internal/modules/cjs/loader","function":"Module.load","line":1206,"method":"load","native":false},{"column":12,"file":"node:internal/modules/cjs/loader","function":"Module._load","line":1022,"method":"_load","native":false},{"column":12,"file":"node:internal/modules/run_main","function":"Function.executeUserEntryPoint [as runMain]","line":142,"method":"executeUserEntryPoint [as runMain]","native":false},{"column":49,"file":"node:internal/main/run_main_module","function":null,"line":28,"method":null,"native":false}]}
error: uncaughtException: Router.use() requires a middleware function but got a Object
TypeError: Router.use() requires a middleware function but got a Object
    at Function.use (/Users/shiv/Desktop/node1/project1/node_modules/express/lib/router/index.js:469:13)
    at routes (/Users/shiv/Desktop/node1/project1/src/routes/index.js:14:10)
    at Object.<anonymous> (/Users/shiv/Desktop/node1/project1/src/index.js:32:38)
    at Module._compile (node:internal/modules/cjs/loader:1375:14)
    at Module._compile (/Users/shiv/Desktop/node1/project1/node_modules/pirates/lib/index.js:117:24)
    at Module._extensions..js (node:internal/modules/cjs/loader:1434:10)
    at Object.newLoader [as .js] (/Users/shiv/Desktop/node1/project1/node_modules/pirates/lib/index.js:121:7)
    at Module.load (node:internal/modules/cjs/loader:1206:32)
    at Function.Module._load (node:internal/modules/cjs/loader:1022:12)
    at Function.runMain (node:internal/modules/run_main:142:12)
    at Object.<anonymous> (/Users/shiv/Desktop/node1/project1/node_modules/@babel/node/src/_babel-node.ts:222:12)
    at Module._compile (node:internal/modules/cjs/loader:1375:14)
    at Object.Module._extensions..js (node:internal/modules/cjs/loader:1434:10)
    at Module.load (node:internal/modules/cjs/loader:1206:32)
    at Function.Module._load (node:internal/modules/cjs/loader:1022:12)
    at Function.executeUserEntryPoint [as runMain] (node:internal/modules/run_main:142:12)
    at node:internal/main/run_main_module:28:49 {"date":"Mon Jan 29 2024 10:13:34 GMT+0530 (India Standard Time)","error":{},"exception":true,"os":{"loadavg":[1.72705078125,1.748046875,1.853515625],"uptime":1955177},"process":{"argv":["node","/Users/shiv/Desktop/node1/project1/src/index.js"],"cwd":"/Users/shiv/Desktop/node1/project1","execPath":"/opt/homebrew/Cellar/node/21.5.0/bin/node","gid":20,"memoryUsage":{"arrayBuffers":18262399,"external":21231544,"heapTotal":93683712,"heapUsed":52616320,"rss":148619264},"pid":14362,"uid":501,"version":"v21.5.0"},"stack":"TypeError: Router.use() requires a middleware function but got a Object\n    at Function.use (/Users/shiv/Desktop/node1/project1/node_modules/express/lib/router/index.js:469:13)\n    at routes (/Users/shiv/Desktop/node1/project1/src/routes/index.js:14:10)\n    at Object.<anonymous> (/Users/shiv/Desktop/node1/project1/src/index.js:32:38)\n    at Module._compile (node:internal/modules/cjs/loader:1375:14)\n    at Module._compile (/Users/shiv/Desktop/node1/project1/node_modules/pirates/lib/index.js:117:24)\n    at Module._extensions..js (node:internal/modules/cjs/loader:1434:10)\n    at Object.newLoader [as .js] (/Users/shiv/Desktop/node1/project1/node_modules/pirates/lib/index.js:121:7)\n    at Module.load (node:internal/modules/cjs/loader:1206:32)\n    at Function.Module._load (node:internal/modules/cjs/loader:1022:12)\n    at Function.runMain (node:internal/modules/run_main:142:12)\n    at Object.<anonymous> (/Users/shiv/Desktop/node1/project1/node_modules/@babel/node/src/_babel-node.ts:222:12)\n    at Module._compile (node:internal/modules/cjs/loader:1375:14)\n    at Object.Module._extensions..js (node:internal/modules/cjs/loader:1434:10)\n    at Module.load (node:internal/modules/cjs/loader:1206:32)\n    at Function.Module._load (node:internal/modules/cjs/loader:1022:12)\n    at Function.executeUserEntryPoint [as runMain] (node:internal/modules/run_main:142:12)\n    at node:internal/main/run_main_module:28:49","timestamp":"2024-01-29T04:43:34.938Z","trace":[{"column":13,"file":"/Users/shiv/Desktop/node1/project1/node_modules/express/lib/router/index.js","function":"Function.use","line":469,"method":"use","native":false},{"column":10,"file":"/Users/shiv/Desktop/node1/project1/src/routes/index.js","function":"routes","line":14,"method":null,"native":false},{"column":38,"file":"/Users/shiv/Desktop/node1/project1/src/index.js","function":null,"line":32,"method":null,"native":false},{"column":14,"file":"node:internal/modules/cjs/loader","function":"Module._compile","line":1375,"method":"_compile","native":false},{"column":24,"file":"/Users/shiv/Desktop/node1/project1/node_modules/pirates/lib/index.js","function":"Module._compile","line":117,"method":"_compile","native":false},{"column":10,"file":"node:internal/modules/cjs/loader","function":"Module._extensions..js","line":1434,"method":".js","native":false},{"column":7,"file":"/Users/shiv/Desktop/node1/project1/node_modules/pirates/lib/index.js","function":"Object.newLoader [as .js]","line":121,"method":"js]","native":false},{"column":32,"file":"node:internal/modules/cjs/loader","function":"Module.load","line":1206,"method":"load","native":false},{"column":12,"file":"node:internal/modules/cjs/loader","function":"Module._load","line":1022,"method":"_load","native":false},{"column":12,"file":"node:internal/modules/run_main","function":"Function.runMain","line":142,"method":"runMain","native":false},{"column":12,"file":"/Users/shiv/Desktop/node1/project1/node_modules/@babel/node/src/_babel-node.ts","function":null,"line":222,"method":null,"native":false},{"column":14,"file":"node:internal/modules/cjs/loader","function":"Module._compile","line":1375,"method":"_compile","native":false},{"column":10,"file":"node:internal/modules/cjs/loader","function":"Module._extensions..js","line":1434,"method":".js","native":false},{"column":32,"file":"node:internal/modules/cjs/loader","function":"Module.load","line":1206,"method":"load","native":false},{"column":12,"file":"node:internal/modules/cjs/loader","function":"Module._load","line":1022,"method":"_load","native":false},{"column":12,"file":"node:internal/modules/run_main","function":"Function.executeUserEntryPoint [as runMain]","line":142,"method":"executeUserEntryPoint [as runMain]","native":false},{"column":49,"file":"node:internal/main/run_main_module","function":null,"line":28,"method":null,"native":false}]}
error: uncaughtException: Router.use() requires a middleware function but got a Object
TypeError: Router.use() requires a middleware function but got a Object
    at Function.use (/Users/shiv/Desktop/node1/project1/node_modules/express/lib/router/index.js:469:13)
    at routes (/Users/shiv/Desktop/node1/project1/src/routes/index.js:14:10)
    at Object.<anonymous> (/Users/shiv/Desktop/node1/project1/src/index.js:32:38)
    at Module._compile (node:internal/modules/cjs/loader:1375:14)
    at Module._compile (/Users/shiv/Desktop/node1/project1/node_modules/pirates/lib/index.js:117:24)
    at Module._extensions..js (node:internal/modules/cjs/loader:1434:10)
    at Object.newLoader [as .js] (/Users/shiv/Desktop/node1/project1/node_modules/pirates/lib/index.js:121:7)
    at Module.load (node:internal/modules/cjs/loader:1206:32)
    at Function.Module._load (node:internal/modules/cjs/loader:1022:12)
    at Function.runMain (node:internal/modules/run_main:142:12)
    at Object.<anonymous> (/Users/shiv/Desktop/node1/project1/node_modules/@babel/node/src/_babel-node.ts:222:12)
    at Module._compile (node:internal/modules/cjs/loader:1375:14)
    at Object.Module._extensions..js (node:internal/modules/cjs/loader:1434:10)
    at Module.load (node:internal/modules/cjs/loader:1206:32)
    at Function.Module._load (node:internal/modules/cjs/loader:1022:12)
    at Function.executeUserEntryPoint [as runMain] (node:internal/modules/run_main:142:12)
    at node:internal/main/run_main_module:28:49 {"date":"Mon Jan 29 2024 10:16:15 GMT+0530 (India Standard Time)","error":{},"exception":true,"os":{"loadavg":[1.9130859375,1.88134765625,1.89111328125],"uptime":1955338},"process":{"argv":["node","/Users/shiv/Desktop/node1/project1/src/index.js"],"cwd":"/Users/shiv/Desktop/node1/project1","execPath":"/opt/homebrew/Cellar/node/21.5.0/bin/node","gid":20,"memoryUsage":{"arrayBuffers":18262399,"external":21232287,"heapTotal":91324416,"heapUsed":60162616,"rss":145342464},"pid":14790,"uid":501,"version":"v21.5.0"},"stack":"TypeError: Router.use() requires a middleware function but got a Object\n    at Function.use (/Users/shiv/Desktop/node1/project1/node_modules/express/lib/router/index.js:469:13)\n    at routes (/Users/shiv/Desktop/node1/project1/src/routes/index.js:14:10)\n    at Object.<anonymous> (/Users/shiv/Desktop/node1/project1/src/index.js:32:38)\n    at Module._compile (node:internal/modules/cjs/loader:1375:14)\n    at Module._compile (/Users/shiv/Desktop/node1/project1/node_modules/pirates/lib/index.js:117:24)\n    at Module._extensions..js (node:internal/modules/cjs/loader:1434:10)\n    at Object.newLoader [as .js] (/Users/shiv/Desktop/node1/project1/node_modules/pirates/lib/index.js:121:7)\n    at Module.load (node:internal/modules/cjs/loader:1206:32)\n    at Function.Module._load (node:internal/modules/cjs/loader:1022:12)\n    at Function.runMain (node:internal/modules/run_main:142:12)\n    at Object.<anonymous> (/Users/shiv/Desktop/node1/project1/node_modules/@babel/node/src/_babel-node.ts:222:12)\n    at Module._compile (node:internal/modules/cjs/loader:1375:14)\n    at Object.Module._extensions..js (node:internal/modules/cjs/loader:1434:10)\n    at Module.load (node:internal/modules/cjs/loader:1206:32)\n    at Function.Module._load (node:internal/modules/cjs/loader:1022:12)\n    at Function.executeUserEntryPoint [as runMain] (node:internal/modules/run_main:142:12)\n    at node:internal/main/run_main_module:28:49","timestamp":"2024-01-29T04:46:15.221Z","trace":[{"column":13,"file":"/Users/shiv/Desktop/node1/project1/node_modules/express/lib/router/index.js","function":"Function.use","line":469,"method":"use","native":false},{"column":10,"file":"/Users/shiv/Desktop/node1/project1/src/routes/index.js","function":"routes","line":14,"method":null,"native":false},{"column":38,"file":"/Users/shiv/Desktop/node1/project1/src/index.js","function":null,"line":32,"method":null,"native":false},{"column":14,"file":"node:internal/modules/cjs/loader","function":"Module._compile","line":1375,"method":"_compile","native":false},{"column":24,"file":"/Users/shiv/Desktop/node1/project1/node_modules/pirates/lib/index.js","function":"Module._compile","line":117,"method":"_compile","native":false},{"column":10,"file":"node:internal/modules/cjs/loader","function":"Module._extensions..js","line":1434,"method":".js","native":false},{"column":7,"file":"/Users/shiv/Desktop/node1/project1/node_modules/pirates/lib/index.js","function":"Object.newLoader [as .js]","line":121,"method":"js]","native":false},{"column":32,"file":"node:internal/modules/cjs/loader","function":"Module.load","line":1206,"method":"load","native":false},{"column":12,"file":"node:internal/modules/cjs/loader","function":"Module._load","line":1022,"method":"_load","native":false},{"column":12,"file":"node:internal/modules/run_main","function":"Function.runMain","line":142,"method":"runMain","native":false},{"column":12,"file":"/Users/shiv/Desktop/node1/project1/node_modules/@babel/node/src/_babel-node.ts","function":null,"line":222,"method":null,"native":false},{"column":14,"file":"node:internal/modules/cjs/loader","function":"Module._compile","line":1375,"method":"_compile","native":false},{"column":10,"file":"node:internal/modules/cjs/loader","function":"Module._extensions..js","line":1434,"method":".js","native":false},{"column":32,"file":"node:internal/modules/cjs/loader","function":"Module.load","line":1206,"method":"load","native":false},{"column":12,"file":"node:internal/modules/cjs/loader","function":"Module._load","line":1022,"method":"_load","native":false},{"column":12,"file":"node:internal/modules/run_main","function":"Function.executeUserEntryPoint [as runMain]","line":142,"method":"executeUserEntryPoint [as runMain]","native":false},{"column":49,"file":"node:internal/main/run_main_module","function":null,"line":28,"method":null,"native":false}]}
error: 
      status - 400
      message - Authorization token is required 
      url - /api/v1/users/register 
      method - GET 
      IP - ::1
     {"timestamp":"2024-01-29T05:06:06.845Z"}
error: 
      status - 400
      message - Authorization token is required 
      url - /api/v1/users/login 
      method - GET 
      IP - ::1
     {"timestamp":"2024-01-29T05:39:51.055Z"}
error: 
    status - 500 
    message - ValidationError: User validation failed: email: Path `email` is required.
    at model.Document.invalidate (/Users/shiv/Desktop/node1/project1/node_modules/mongoose/lib/document.js:2788:32)
    at /Users/shiv/Desktop/node1/project1/node_modules/mongoose/lib/document.js:2580:17
    at /Users/shiv/Desktop/node1/project1/node_modules/mongoose/lib/schematype.js:1273:9
    at processTicksAndRejections (node:internal/process/task_queues:77:11) 
    url - /api/v1/users 
    method - POST 
    IP - ::1
   {"timestamp":"2024-01-29T06:26:58.210Z"}
error: 
    status - 500 
    message - ReferenceError: loginUser is not defined
    at _callee7$ (/Users/shiv/Desktop/node1/project1/src/controllers/user.controller.js:131:31)
    at tryCatch (/Users/shiv/Desktop/node1/project1/node_modules/@babel/runtime/helpers/regeneratorRuntime.js:45:16)
    at Generator.<anonymous> (/Users/shiv/Desktop/node1/project1/node_modules/@babel/runtime/helpers/regeneratorRuntime.js:133:17)
    at Generator.next (/Users/shiv/Desktop/node1/project1/node_modules/@babel/runtime/helpers/regeneratorRuntime.js:74:21)
    at asyncGeneratorStep (/Users/shiv/Desktop/node1/project1/node_modules/@babel/runtime/helpers/asyncToGenerator.js:3:24)
    at _next (/Users/shiv/Desktop/node1/project1/node_modules/@babel/runtime/helpers/asyncToGenerator.js:22:9)
    at /Users/shiv/Desktop/node1/project1/node_modules/@babel/runtime/helpers/asyncToGenerator.js:27:7
    at new Promise (<anonymous>)
    at apply (/Users/shiv/Desktop/node1/project1/node_modules/@babel/runtime/helpers/asyncToGenerator.js:19:12)
    at loginUserController (/Users/shiv/Desktop/node1/project1/src/controllers/user.controller.js:129:33)
    at Layer.handle [as handle_request] (/Users/shiv/Desktop/node1/project1/node_modules/express/lib/router/layer.js:95:5)
    at next (/Users/shiv/Desktop/node1/project1/node_modules/express/lib/router/route.js:144:13)
    at Route.dispatch (/Users/shiv/Desktop/node1/project1/node_modules/express/lib/router/route.js:114:3)
    at Layer.handle [as handle_request] (/Users/shiv/Desktop/node1/project1/node_modules/express/lib/router/layer.js:95:5)
    at /Users/shiv/Desktop/node1/project1/node_modules/express/lib/router/index.js:284:15
    at Function.process_params (/Users/shiv/Desktop/node1/project1/node_modules/express/lib/router/index.js:346:12)
    at next (/Users/shiv/Desktop/node1/project1/node_modules/express/lib/router/index.js:280:10)
    at Function.handle (/Users/shiv/Desktop/node1/project1/node_modules/express/lib/router/index.js:175:3)
    at router (/Users/shiv/Desktop/node1/project1/node_modules/express/lib/router/index.js:47:12)
    at Layer.handle [as handle_request] (/Users/shiv/Desktop/node1/project1/node_modules/express/lib/router/layer.js:95:5)
    at trim_prefix (/Users/shiv/Desktop/node1/project1/node_modules/express/lib/router/index.js:328:13)
    at /Users/shiv/Desktop/node1/project1/node_modules/express/lib/router/index.js:286:9
    at Function.process_params (/Users/shiv/Desktop/node1/project1/node_modules/express/lib/router/index.js:346:12)
    at next (/Users/shiv/Desktop/node1/project1/node_modules/express/lib/router/index.js:280:10)
    at Function.handle (/Users/shiv/Desktop/node1/project1/node_modules/express/lib/router/index.js:175:3)
    at router (/Users/shiv/Desktop/node1/project1/node_modules/express/lib/router/index.js:47:12)
    at Layer.handle [as handle_request] (/Users/shiv/Desktop/node1/project1/node_modules/express/lib/router/layer.js:95:5)
    at trim_prefix (/Users/shiv/Desktop/node1/project1/node_modules/express/lib/router/index.js:328:13)
    at /Users/shiv/Desktop/node1/project1/node_modules/express/lib/router/index.js:286:9
    at Function.process_params (/Users/shiv/Desktop/node1/project1/node_modules/express/lib/router/index.js:346:12)
    at next (/Users/shiv/Desktop/node1/project1/node_modules/express/lib/router/index.js:280:10)
    at logger (/Users/shiv/Desktop/node1/project1/node_modules/morgan/index.js:144:5)
    at Layer.handle [as handle_request] (/Users/shiv/Desktop/node1/project1/node_modules/express/lib/router/layer.js:95:5)
    at trim_prefix (/Users/shiv/Desktop/node1/project1/node_modules/express/lib/router/index.js:328:13)
    at /Users/shiv/Desktop/node1/project1/node_modules/express/lib/router/index.js:286:9
    at Function.process_params (/Users/shiv/Desktop/node1/project1/node_modules/express/lib/router/index.js:346:12)
    at next (/Users/shiv/Desktop/node1/project1/node_modules/express/lib/router/index.js:280:10)
    at /Users/shiv/Desktop/node1/project1/node_modules/body-parser/lib/read.js:137:5
    at AsyncResource.runInAsyncScope (node:async_hooks:206:9)
    at invokeCallback (/Users/shiv/Desktop/node1/project1/node_modules/raw-body/index.js:231:16)
    at done (/Users/shiv/Desktop/node1/project1/node_modules/raw-body/index.js:220:7)
    at IncomingMessage.onEnd (/Users/shiv/Desktop/node1/project1/node_modules/raw-body/index.js:280:7)
    at IncomingMessage.emit (node:events:519:28)
    at IncomingMessage.emit (node:domain:488:12)
    at endReadableNT (node:internal/streams/readable:1696:12)
    at processTicksAndRejections (node:internal/process/task_queues:82:21) 
    url - /api/v1/users/login 
    method - POST 
    IP - ::1
   {"timestamp":"2024-01-29T19:04:21.707Z"}
error: 
    status - 500 
    message - ReferenceError: loginUser is not defined
    at _callee7$ (/Users/shiv/Desktop/node1/project1/src/controllers/user.controller.js:131:31)
    at tryCatch (/Users/shiv/Desktop/node1/project1/node_modules/@babel/runtime/helpers/regeneratorRuntime.js:45:16)
    at Generator.<anonymous> (/Users/shiv/Desktop/node1/project1/node_modules/@babel/runtime/helpers/regeneratorRuntime.js:133:17)
    at Generator.next (/Users/shiv/Desktop/node1/project1/node_modules/@babel/runtime/helpers/regeneratorRuntime.js:74:21)
    at asyncGeneratorStep (/Users/shiv/Desktop/node1/project1/node_modules/@babel/runtime/helpers/asyncToGenerator.js:3:24)
    at _next (/Users/shiv/Desktop/node1/project1/node_modules/@babel/runtime/helpers/asyncToGenerator.js:22:9)
    at /Users/shiv/Desktop/node1/project1/node_modules/@babel/runtime/helpers/asyncToGenerator.js:27:7
    at new Promise (<anonymous>)
    at apply (/Users/shiv/Desktop/node1/project1/node_modules/@babel/runtime/helpers/asyncToGenerator.js:19:12)
    at loginUserController (/Users/shiv/Desktop/node1/project1/src/controllers/user.controller.js:129:33)
    at Layer.handle [as handle_request] (/Users/shiv/Desktop/node1/project1/node_modules/express/lib/router/layer.js:95:5)
    at next (/Users/shiv/Desktop/node1/project1/node_modules/express/lib/router/route.js:144:13)
    at Route.dispatch (/Users/shiv/Desktop/node1/project1/node_modules/express/lib/router/route.js:114:3)
    at Layer.handle [as handle_request] (/Users/shiv/Desktop/node1/project1/node_modules/express/lib/router/layer.js:95:5)
    at /Users/shiv/Desktop/node1/project1/node_modules/express/lib/router/index.js:284:15
    at Function.process_params (/Users/shiv/Desktop/node1/project1/node_modules/express/lib/router/index.js:346:12)
    at next (/Users/shiv/Desktop/node1/project1/node_modules/express/lib/router/index.js:280:10)
    at Function.handle (/Users/shiv/Desktop/node1/project1/node_modules/express/lib/router/index.js:175:3)
    at router (/Users/shiv/Desktop/node1/project1/node_modules/express/lib/router/index.js:47:12)
    at Layer.handle [as handle_request] (/Users/shiv/Desktop/node1/project1/node_modules/express/lib/router/layer.js:95:5)
    at trim_prefix (/Users/shiv/Desktop/node1/project1/node_modules/express/lib/router/index.js:328:13)
    at /Users/shiv/Desktop/node1/project1/node_modules/express/lib/router/index.js:286:9
    at Function.process_params (/Users/shiv/Desktop/node1/project1/node_modules/express/lib/router/index.js:346:12)
    at next (/Users/shiv/Desktop/node1/project1/node_modules/express/lib/router/index.js:280:10)
    at Function.handle (/Users/shiv/Desktop/node1/project1/node_modules/express/lib/router/index.js:175:3)
    at router (/Users/shiv/Desktop/node1/project1/node_modules/express/lib/router/index.js:47:12)
    at Layer.handle [as handle_request] (/Users/shiv/Desktop/node1/project1/node_modules/express/lib/router/layer.js:95:5)
    at trim_prefix (/Users/shiv/Desktop/node1/project1/node_modules/express/lib/router/index.js:328:13)
    at /Users/shiv/Desktop/node1/project1/node_modules/express/lib/router/index.js:286:9
    at Function.process_params (/Users/shiv/Desktop/node1/project1/node_modules/express/lib/router/index.js:346:12)
    at next (/Users/shiv/Desktop/node1/project1/node_modules/express/lib/router/index.js:280:10)
    at logger (/Users/shiv/Desktop/node1/project1/node_modules/morgan/index.js:144:5)
    at Layer.handle [as handle_request] (/Users/shiv/Desktop/node1/project1/node_modules/express/lib/router/layer.js:95:5)
    at trim_prefix (/Users/shiv/Desktop/node1/project1/node_modules/express/lib/router/index.js:328:13)
    at /Users/shiv/Desktop/node1/project1/node_modules/express/lib/router/index.js:286:9
    at Function.process_params (/Users/shiv/Desktop/node1/project1/node_modules/express/lib/router/index.js:346:12)
    at next (/Users/shiv/Desktop/node1/project1/node_modules/express/lib/router/index.js:280:10)
    at /Users/shiv/Desktop/node1/project1/node_modules/body-parser/lib/read.js:137:5
    at AsyncResource.runInAsyncScope (node:async_hooks:206:9)
    at invokeCallback (/Users/shiv/Desktop/node1/project1/node_modules/raw-body/index.js:231:16)
    at done (/Users/shiv/Desktop/node1/project1/node_modules/raw-body/index.js:220:7)
    at IncomingMessage.onEnd (/Users/shiv/Desktop/node1/project1/node_modules/raw-body/index.js:280:7)
    at IncomingMessage.emit (node:events:519:28)
    at IncomingMessage.emit (node:domain:488:12)
    at endReadableNT (node:internal/streams/readable:1696:12)
    at processTicksAndRejections (node:internal/process/task_queues:82:21) 
    url - /api/v1/users/login 
    method - POST 
    IP - ::1
   {"timestamp":"2024-01-29T19:07:04.922Z"}
error: 
    status - 500 
    message - ReferenceError: bcrypt is not defined
    at _callee7$ (/Users/shiv/Desktop/node1/project1/src/services/user.service.js:67:43)
    at tryCatch (/Users/shiv/Desktop/node1/project1/node_modules/@babel/runtime/helpers/regeneratorRuntime.js:45:16)
    at Generator.<anonymous> (/Users/shiv/Desktop/node1/project1/node_modules/@babel/runtime/helpers/regeneratorRuntime.js:133:17)
    at Generator.next (/Users/shiv/Desktop/node1/project1/node_modules/@babel/runtime/helpers/regeneratorRuntime.js:74:21)
    at asyncGeneratorStep (/Users/shiv/Desktop/node1/project1/node_modules/@babel/runtime/helpers/asyncToGenerator.js:3:24)
    at _next (/Users/shiv/Desktop/node1/project1/node_modules/@babel/runtime/helpers/asyncToGenerator.js:22:9)
    at processTicksAndRejections (node:internal/process/task_queues:95:5) 
    url - /api/v1/users/login 
    method - POST 
    IP - ::1
   {"timestamp":"2024-01-29T19:09:49.847Z"}
error: 
    status - 500 
    message - ReferenceError: bcrypt is not defined
    at _callee7$ (/Users/shiv/Desktop/node1/project1/src/services/user.service.js:67:43)
    at tryCatch (/Users/shiv/Desktop/node1/project1/node_modules/@babel/runtime/helpers/regeneratorRuntime.js:45:16)
    at Generator.<anonymous> (/Users/shiv/Desktop/node1/project1/node_modules/@babel/runtime/helpers/regeneratorRuntime.js:133:17)
    at Generator.next (/Users/shiv/Desktop/node1/project1/node_modules/@babel/runtime/helpers/regeneratorRuntime.js:74:21)
    at asyncGeneratorStep (/Users/shiv/Desktop/node1/project1/node_modules/@babel/runtime/helpers/asyncToGenerator.js:3:24)
    at _next (/Users/shiv/Desktop/node1/project1/node_modules/@babel/runtime/helpers/asyncToGenerator.js:22:9)
    at processTicksAndRejections (node:internal/process/task_queues:95:5) 
    url - /api/v1/users/login 
    method - POST 
    IP - ::1
   {"timestamp":"2024-01-29T19:10:41.726Z"}
error: 
    status - 500 
    message - Error: Invalid credentials
    at _callee7$ (/Users/shiv/Desktop/node1/project1/src/services/user.service.js:75:11)
    at tryCatch (/Users/shiv/Desktop/node1/project1/node_modules/@babel/runtime/helpers/regeneratorRuntime.js:45:16)
    at Generator.<anonymous> (/Users/shiv/Desktop/node1/project1/node_modules/@babel/runtime/helpers/regeneratorRuntime.js:133:17)
    at Generator.next (/Users/shiv/Desktop/node1/project1/node_modules/@babel/runtime/helpers/regeneratorRuntime.js:74:21)
    at asyncGeneratorStep (/Users/shiv/Desktop/node1/project1/node_modules/@babel/runtime/helpers/asyncToGenerator.js:3:24)
    at _next (/Users/shiv/Desktop/node1/project1/node_modules/@babel/runtime/helpers/asyncToGenerator.js:22:9) 
    url - /api/v1/users/login 
    method - POST 
    IP - ::1
   {"timestamp":"2024-01-29T19:16:46.636Z"}
